<?xml version="1.0" encoding="UTF-8"?>
<testsuite name="API_Tests" tests="6" skipped="0" failures="6" errors="0" timestamp="2017-03-15T07:37:18" hostname="vagrant-ubuntu-trusty-64" time="2.544">
  <properties/>
  <testcase name="testEditBook" classname="API_Tests" time="0.671">
    <failure message="java.lang.NullPointerException" type="java.lang.NullPointerException">java.lang.NullPointerException
	at API_Tests.setUp(API_Tests.java:43)
	at sun.reflect.NativeMethodAccessorImpl.invoke0(Native Method)
	at sun.reflect.NativeMethodAccessorImpl.invoke(NativeMethodAccessorImpl.java:62)
	at sun.reflect.DelegatingMethodAccessorImpl.invoke(DelegatingMethodAccessorImpl.java:43)
	at java.lang.reflect.Method.invoke(Method.java:498)
	at org.junit.runners.model.FrameworkMethod$1.runReflectiveCall(FrameworkMethod.java:50)
	at org.junit.internal.runners.model.ReflectiveCallable.run(ReflectiveCallable.java:12)
	at org.junit.runners.model.FrameworkMethod.invokeExplosively(FrameworkMethod.java:47)
	at org.junit.internal.runners.statements.RunBefores.evaluate(RunBefores.java:24)
	at org.junit.internal.runners.statements.RunAfters.evaluate(RunAfters.java:27)
	at org.junit.runners.ParentRunner.runLeaf(ParentRunner.java:325)
	at org.junit.runners.BlockJUnit4ClassRunner.runChild(BlockJUnit4ClassRunner.java:78)
	at org.junit.runners.BlockJUnit4ClassRunner.runChild(BlockJUnit4ClassRunner.java:57)
	at org.junit.runners.ParentRunner$3.run(ParentRunner.java:290)
	at org.junit.runners.ParentRunner$1.schedule(ParentRunner.java:71)
	at org.junit.runners.ParentRunner.runChildren(ParentRunner.java:288)
	at org.junit.runners.ParentRunner.access$000(ParentRunner.java:58)
	at org.junit.runners.ParentRunner$2.evaluate(ParentRunner.java:268)
	at io.dropwizard.testing.junit.ResourceTestRule$1.evaluate(ResourceTestRule.java:158)
	at org.junit.rules.RunRules.evaluate(RunRules.java:20)
	at org.junit.runners.ParentRunner.run(ParentRunner.java:363)
	at org.gradle.api.internal.tasks.testing.junit.JUnitTestClassExecuter.runTestClass(JUnitTestClassExecuter.java:114)
	at org.gradle.api.internal.tasks.testing.junit.JUnitTestClassExecuter.execute(JUnitTestClassExecuter.java:57)
	at org.gradle.api.internal.tasks.testing.junit.JUnitTestClassProcessor.processTestClass(JUnitTestClassProcessor.java:66)
	at org.gradle.api.internal.tasks.testing.SuiteTestClassProcessor.processTestClass(SuiteTestClassProcessor.java:51)
	at sun.reflect.NativeMethodAccessorImpl.invoke0(Native Method)
	at sun.reflect.NativeMethodAccessorImpl.invoke(NativeMethodAccessorImpl.java:62)
	at sun.reflect.DelegatingMethodAccessorImpl.invoke(DelegatingMethodAccessorImpl.java:43)
	at java.lang.reflect.Method.invoke(Method.java:498)
	at org.gradle.internal.dispatch.ReflectionDispatch.dispatch(ReflectionDispatch.java:35)
	at org.gradle.internal.dispatch.ReflectionDispatch.dispatch(ReflectionDispatch.java:24)
	at org.gradle.internal.dispatch.ContextClassLoaderDispatch.dispatch(ContextClassLoaderDispatch.java:32)
	at org.gradle.internal.dispatch.ProxyDispatchAdapter$DispatchingInvocationHandler.invoke(ProxyDispatchAdapter.java:93)
	at com.sun.proxy.$Proxy3.processTestClass(Unknown Source)
	at org.gradle.api.internal.tasks.testing.worker.TestWorker.processTestClass(TestWorker.java:109)
	at sun.reflect.NativeMethodAccessorImpl.invoke0(Native Method)
	at sun.reflect.NativeMethodAccessorImpl.invoke(NativeMethodAccessorImpl.java:62)
	at sun.reflect.DelegatingMethodAccessorImpl.invoke(DelegatingMethodAccessorImpl.java:43)
	at java.lang.reflect.Method.invoke(Method.java:498)
	at org.gradle.internal.dispatch.ReflectionDispatch.dispatch(ReflectionDispatch.java:35)
	at org.gradle.internal.dispatch.ReflectionDispatch.dispatch(ReflectionDispatch.java:24)
	at org.gradle.internal.remote.internal.hub.MessageHub$Handler.run(MessageHub.java:377)
	at org.gradle.internal.concurrent.ExecutorPolicy$CatchAndRecordFailures.onExecute(ExecutorPolicy.java:54)
	at org.gradle.internal.concurrent.StoppableExecutorImpl$1.run(StoppableExecutorImpl.java:40)
	at java.util.concurrent.ThreadPoolExecutor.runWorker(ThreadPoolExecutor.java:1142)
	at java.util.concurrent.ThreadPoolExecutor$Worker.run(ThreadPoolExecutor.java:617)
	at java.lang.Thread.run(Thread.java:745)
</failure>
  </testcase>
  <testcase name="testGetBooks" classname="API_Tests" time="0.355">
    <failure message="java.lang.NullPointerException" type="java.lang.NullPointerException">java.lang.NullPointerException
	at API_Tests.setUp(API_Tests.java:43)
	at sun.reflect.NativeMethodAccessorImpl.invoke0(Native Method)
	at sun.reflect.NativeMethodAccessorImpl.invoke(NativeMethodAccessorImpl.java:62)
	at sun.reflect.DelegatingMethodAccessorImpl.invoke(DelegatingMethodAccessorImpl.java:43)
	at java.lang.reflect.Method.invoke(Method.java:498)
	at org.junit.runners.model.FrameworkMethod$1.runReflectiveCall(FrameworkMethod.java:50)
	at org.junit.internal.runners.model.ReflectiveCallable.run(ReflectiveCallable.java:12)
	at org.junit.runners.model.FrameworkMethod.invokeExplosively(FrameworkMethod.java:47)
	at org.junit.internal.runners.statements.RunBefores.evaluate(RunBefores.java:24)
	at org.junit.internal.runners.statements.RunAfters.evaluate(RunAfters.java:27)
	at org.junit.runners.ParentRunner.runLeaf(ParentRunner.java:325)
	at org.junit.runners.BlockJUnit4ClassRunner.runChild(BlockJUnit4ClassRunner.java:78)
	at org.junit.runners.BlockJUnit4ClassRunner.runChild(BlockJUnit4ClassRunner.java:57)
	at org.junit.runners.ParentRunner$3.run(ParentRunner.java:290)
	at org.junit.runners.ParentRunner$1.schedule(ParentRunner.java:71)
	at org.junit.runners.ParentRunner.runChildren(ParentRunner.java:288)
	at org.junit.runners.ParentRunner.access$000(ParentRunner.java:58)
	at org.junit.runners.ParentRunner$2.evaluate(ParentRunner.java:268)
	at io.dropwizard.testing.junit.ResourceTestRule$1.evaluate(ResourceTestRule.java:158)
	at org.junit.rules.RunRules.evaluate(RunRules.java:20)
	at org.junit.runners.ParentRunner.run(ParentRunner.java:363)
	at org.gradle.api.internal.tasks.testing.junit.JUnitTestClassExecuter.runTestClass(JUnitTestClassExecuter.java:114)
	at org.gradle.api.internal.tasks.testing.junit.JUnitTestClassExecuter.execute(JUnitTestClassExecuter.java:57)
	at org.gradle.api.internal.tasks.testing.junit.JUnitTestClassProcessor.processTestClass(JUnitTestClassProcessor.java:66)
	at org.gradle.api.internal.tasks.testing.SuiteTestClassProcessor.processTestClass(SuiteTestClassProcessor.java:51)
	at sun.reflect.NativeMethodAccessorImpl.invoke0(Native Method)
	at sun.reflect.NativeMethodAccessorImpl.invoke(NativeMethodAccessorImpl.java:62)
	at sun.reflect.DelegatingMethodAccessorImpl.invoke(DelegatingMethodAccessorImpl.java:43)
	at java.lang.reflect.Method.invoke(Method.java:498)
	at org.gradle.internal.dispatch.ReflectionDispatch.dispatch(ReflectionDispatch.java:35)
	at org.gradle.internal.dispatch.ReflectionDispatch.dispatch(ReflectionDispatch.java:24)
	at org.gradle.internal.dispatch.ContextClassLoaderDispatch.dispatch(ContextClassLoaderDispatch.java:32)
	at org.gradle.internal.dispatch.ProxyDispatchAdapter$DispatchingInvocationHandler.invoke(ProxyDispatchAdapter.java:93)
	at com.sun.proxy.$Proxy3.processTestClass(Unknown Source)
	at org.gradle.api.internal.tasks.testing.worker.TestWorker.processTestClass(TestWorker.java:109)
	at sun.reflect.NativeMethodAccessorImpl.invoke0(Native Method)
	at sun.reflect.NativeMethodAccessorImpl.invoke(NativeMethodAccessorImpl.java:62)
	at sun.reflect.DelegatingMethodAccessorImpl.invoke(DelegatingMethodAccessorImpl.java:43)
	at java.lang.reflect.Method.invoke(Method.java:498)
	at org.gradle.internal.dispatch.ReflectionDispatch.dispatch(ReflectionDispatch.java:35)
	at org.gradle.internal.dispatch.ReflectionDispatch.dispatch(ReflectionDispatch.java:24)
	at org.gradle.internal.remote.internal.hub.MessageHub$Handler.run(MessageHub.java:377)
	at org.gradle.internal.concurrent.ExecutorPolicy$CatchAndRecordFailures.onExecute(ExecutorPolicy.java:54)
	at org.gradle.internal.concurrent.StoppableExecutorImpl$1.run(StoppableExecutorImpl.java:40)
	at java.util.concurrent.ThreadPoolExecutor.runWorker(ThreadPoolExecutor.java:1142)
	at java.util.concurrent.ThreadPoolExecutor$Worker.run(ThreadPoolExecutor.java:617)
	at java.lang.Thread.run(Thread.java:745)
</failure>
  </testcase>
  <testcase name="testAddBook" classname="API_Tests" time="0.436">
    <failure message="java.lang.NullPointerException" type="java.lang.NullPointerException">java.lang.NullPointerException
	at API_Tests.setUp(API_Tests.java:43)
	at sun.reflect.NativeMethodAccessorImpl.invoke0(Native Method)
	at sun.reflect.NativeMethodAccessorImpl.invoke(NativeMethodAccessorImpl.java:62)
	at sun.reflect.DelegatingMethodAccessorImpl.invoke(DelegatingMethodAccessorImpl.java:43)
	at java.lang.reflect.Method.invoke(Method.java:498)
	at org.junit.runners.model.FrameworkMethod$1.runReflectiveCall(FrameworkMethod.java:50)
	at org.junit.internal.runners.model.ReflectiveCallable.run(ReflectiveCallable.java:12)
	at org.junit.runners.model.FrameworkMethod.invokeExplosively(FrameworkMethod.java:47)
	at org.junit.internal.runners.statements.RunBefores.evaluate(RunBefores.java:24)
	at org.junit.internal.runners.statements.RunAfters.evaluate(RunAfters.java:27)
	at org.junit.runners.ParentRunner.runLeaf(ParentRunner.java:325)
	at org.junit.runners.BlockJUnit4ClassRunner.runChild(BlockJUnit4ClassRunner.java:78)
	at org.junit.runners.BlockJUnit4ClassRunner.runChild(BlockJUnit4ClassRunner.java:57)
	at org.junit.runners.ParentRunner$3.run(ParentRunner.java:290)
	at org.junit.runners.ParentRunner$1.schedule(ParentRunner.java:71)
	at org.junit.runners.ParentRunner.runChildren(ParentRunner.java:288)
	at org.junit.runners.ParentRunner.access$000(ParentRunner.java:58)
	at org.junit.runners.ParentRunner$2.evaluate(ParentRunner.java:268)
	at io.dropwizard.testing.junit.ResourceTestRule$1.evaluate(ResourceTestRule.java:158)
	at org.junit.rules.RunRules.evaluate(RunRules.java:20)
	at org.junit.runners.ParentRunner.run(ParentRunner.java:363)
	at org.gradle.api.internal.tasks.testing.junit.JUnitTestClassExecuter.runTestClass(JUnitTestClassExecuter.java:114)
	at org.gradle.api.internal.tasks.testing.junit.JUnitTestClassExecuter.execute(JUnitTestClassExecuter.java:57)
	at org.gradle.api.internal.tasks.testing.junit.JUnitTestClassProcessor.processTestClass(JUnitTestClassProcessor.java:66)
	at org.gradle.api.internal.tasks.testing.SuiteTestClassProcessor.processTestClass(SuiteTestClassProcessor.java:51)
	at sun.reflect.NativeMethodAccessorImpl.invoke0(Native Method)
	at sun.reflect.NativeMethodAccessorImpl.invoke(NativeMethodAccessorImpl.java:62)
	at sun.reflect.DelegatingMethodAccessorImpl.invoke(DelegatingMethodAccessorImpl.java:43)
	at java.lang.reflect.Method.invoke(Method.java:498)
	at org.gradle.internal.dispatch.ReflectionDispatch.dispatch(ReflectionDispatch.java:35)
	at org.gradle.internal.dispatch.ReflectionDispatch.dispatch(ReflectionDispatch.java:24)
	at org.gradle.internal.dispatch.ContextClassLoaderDispatch.dispatch(ContextClassLoaderDispatch.java:32)
	at org.gradle.internal.dispatch.ProxyDispatchAdapter$DispatchingInvocationHandler.invoke(ProxyDispatchAdapter.java:93)
	at com.sun.proxy.$Proxy3.processTestClass(Unknown Source)
	at org.gradle.api.internal.tasks.testing.worker.TestWorker.processTestClass(TestWorker.java:109)
	at sun.reflect.NativeMethodAccessorImpl.invoke0(Native Method)
	at sun.reflect.NativeMethodAccessorImpl.invoke(NativeMethodAccessorImpl.java:62)
	at sun.reflect.DelegatingMethodAccessorImpl.invoke(DelegatingMethodAccessorImpl.java:43)
	at java.lang.reflect.Method.invoke(Method.java:498)
	at org.gradle.internal.dispatch.ReflectionDispatch.dispatch(ReflectionDispatch.java:35)
	at org.gradle.internal.dispatch.ReflectionDispatch.dispatch(ReflectionDispatch.java:24)
	at org.gradle.internal.remote.internal.hub.MessageHub$Handler.run(MessageHub.java:377)
	at org.gradle.internal.concurrent.ExecutorPolicy$CatchAndRecordFailures.onExecute(ExecutorPolicy.java:54)
	at org.gradle.internal.concurrent.StoppableExecutorImpl$1.run(StoppableExecutorImpl.java:40)
	at java.util.concurrent.ThreadPoolExecutor.runWorker(ThreadPoolExecutor.java:1142)
	at java.util.concurrent.ThreadPoolExecutor$Worker.run(ThreadPoolExecutor.java:617)
	at java.lang.Thread.run(Thread.java:745)
</failure>
  </testcase>
  <testcase name="testGetBook" classname="API_Tests" time="0.339">
    <failure message="java.lang.NullPointerException" type="java.lang.NullPointerException">java.lang.NullPointerException
	at API_Tests.setUp(API_Tests.java:43)
	at sun.reflect.NativeMethodAccessorImpl.invoke0(Native Method)
	at sun.reflect.NativeMethodAccessorImpl.invoke(NativeMethodAccessorImpl.java:62)
	at sun.reflect.DelegatingMethodAccessorImpl.invoke(DelegatingMethodAccessorImpl.java:43)
	at java.lang.reflect.Method.invoke(Method.java:498)
	at org.junit.runners.model.FrameworkMethod$1.runReflectiveCall(FrameworkMethod.java:50)
	at org.junit.internal.runners.model.ReflectiveCallable.run(ReflectiveCallable.java:12)
	at org.junit.runners.model.FrameworkMethod.invokeExplosively(FrameworkMethod.java:47)
	at org.junit.internal.runners.statements.RunBefores.evaluate(RunBefores.java:24)
	at org.junit.internal.runners.statements.RunAfters.evaluate(RunAfters.java:27)
	at org.junit.runners.ParentRunner.runLeaf(ParentRunner.java:325)
	at org.junit.runners.BlockJUnit4ClassRunner.runChild(BlockJUnit4ClassRunner.java:78)
	at org.junit.runners.BlockJUnit4ClassRunner.runChild(BlockJUnit4ClassRunner.java:57)
	at org.junit.runners.ParentRunner$3.run(ParentRunner.java:290)
	at org.junit.runners.ParentRunner$1.schedule(ParentRunner.java:71)
	at org.junit.runners.ParentRunner.runChildren(ParentRunner.java:288)
	at org.junit.runners.ParentRunner.access$000(ParentRunner.java:58)
	at org.junit.runners.ParentRunner$2.evaluate(ParentRunner.java:268)
	at io.dropwizard.testing.junit.ResourceTestRule$1.evaluate(ResourceTestRule.java:158)
	at org.junit.rules.RunRules.evaluate(RunRules.java:20)
	at org.junit.runners.ParentRunner.run(ParentRunner.java:363)
	at org.gradle.api.internal.tasks.testing.junit.JUnitTestClassExecuter.runTestClass(JUnitTestClassExecuter.java:114)
	at org.gradle.api.internal.tasks.testing.junit.JUnitTestClassExecuter.execute(JUnitTestClassExecuter.java:57)
	at org.gradle.api.internal.tasks.testing.junit.JUnitTestClassProcessor.processTestClass(JUnitTestClassProcessor.java:66)
	at org.gradle.api.internal.tasks.testing.SuiteTestClassProcessor.processTestClass(SuiteTestClassProcessor.java:51)
	at sun.reflect.NativeMethodAccessorImpl.invoke0(Native Method)
	at sun.reflect.NativeMethodAccessorImpl.invoke(NativeMethodAccessorImpl.java:62)
	at sun.reflect.DelegatingMethodAccessorImpl.invoke(DelegatingMethodAccessorImpl.java:43)
	at java.lang.reflect.Method.invoke(Method.java:498)
	at org.gradle.internal.dispatch.ReflectionDispatch.dispatch(ReflectionDispatch.java:35)
	at org.gradle.internal.dispatch.ReflectionDispatch.dispatch(ReflectionDispatch.java:24)
	at org.gradle.internal.dispatch.ContextClassLoaderDispatch.dispatch(ContextClassLoaderDispatch.java:32)
	at org.gradle.internal.dispatch.ProxyDispatchAdapter$DispatchingInvocationHandler.invoke(ProxyDispatchAdapter.java:93)
	at com.sun.proxy.$Proxy3.processTestClass(Unknown Source)
	at org.gradle.api.internal.tasks.testing.worker.TestWorker.processTestClass(TestWorker.java:109)
	at sun.reflect.NativeMethodAccessorImpl.invoke0(Native Method)
	at sun.reflect.NativeMethodAccessorImpl.invoke(NativeMethodAccessorImpl.java:62)
	at sun.reflect.DelegatingMethodAccessorImpl.invoke(DelegatingMethodAccessorImpl.java:43)
	at java.lang.reflect.Method.invoke(Method.java:498)
	at org.gradle.internal.dispatch.ReflectionDispatch.dispatch(ReflectionDispatch.java:35)
	at org.gradle.internal.dispatch.ReflectionDispatch.dispatch(ReflectionDispatch.java:24)
	at org.gradle.internal.remote.internal.hub.MessageHub$Handler.run(MessageHub.java:377)
	at org.gradle.internal.concurrent.ExecutorPolicy$CatchAndRecordFailures.onExecute(ExecutorPolicy.java:54)
	at org.gradle.internal.concurrent.StoppableExecutorImpl$1.run(StoppableExecutorImpl.java:40)
	at java.util.concurrent.ThreadPoolExecutor.runWorker(ThreadPoolExecutor.java:1142)
	at java.util.concurrent.ThreadPoolExecutor$Worker.run(ThreadPoolExecutor.java:617)
	at java.lang.Thread.run(Thread.java:745)
</failure>
  </testcase>
  <testcase name="testGetPing" classname="API_Tests" time="0.357">
    <failure message="java.lang.NullPointerException" type="java.lang.NullPointerException">java.lang.NullPointerException
	at API_Tests.setUp(API_Tests.java:43)
	at sun.reflect.NativeMethodAccessorImpl.invoke0(Native Method)
	at sun.reflect.NativeMethodAccessorImpl.invoke(NativeMethodAccessorImpl.java:62)
	at sun.reflect.DelegatingMethodAccessorImpl.invoke(DelegatingMethodAccessorImpl.java:43)
	at java.lang.reflect.Method.invoke(Method.java:498)
	at org.junit.runners.model.FrameworkMethod$1.runReflectiveCall(FrameworkMethod.java:50)
	at org.junit.internal.runners.model.ReflectiveCallable.run(ReflectiveCallable.java:12)
	at org.junit.runners.model.FrameworkMethod.invokeExplosively(FrameworkMethod.java:47)
	at org.junit.internal.runners.statements.RunBefores.evaluate(RunBefores.java:24)
	at org.junit.internal.runners.statements.RunAfters.evaluate(RunAfters.java:27)
	at org.junit.runners.ParentRunner.runLeaf(ParentRunner.java:325)
	at org.junit.runners.BlockJUnit4ClassRunner.runChild(BlockJUnit4ClassRunner.java:78)
	at org.junit.runners.BlockJUnit4ClassRunner.runChild(BlockJUnit4ClassRunner.java:57)
	at org.junit.runners.ParentRunner$3.run(ParentRunner.java:290)
	at org.junit.runners.ParentRunner$1.schedule(ParentRunner.java:71)
	at org.junit.runners.ParentRunner.runChildren(ParentRunner.java:288)
	at org.junit.runners.ParentRunner.access$000(ParentRunner.java:58)
	at org.junit.runners.ParentRunner$2.evaluate(ParentRunner.java:268)
	at io.dropwizard.testing.junit.ResourceTestRule$1.evaluate(ResourceTestRule.java:158)
	at org.junit.rules.RunRules.evaluate(RunRules.java:20)
	at org.junit.runners.ParentRunner.run(ParentRunner.java:363)
	at org.gradle.api.internal.tasks.testing.junit.JUnitTestClassExecuter.runTestClass(JUnitTestClassExecuter.java:114)
	at org.gradle.api.internal.tasks.testing.junit.JUnitTestClassExecuter.execute(JUnitTestClassExecuter.java:57)
	at org.gradle.api.internal.tasks.testing.junit.JUnitTestClassProcessor.processTestClass(JUnitTestClassProcessor.java:66)
	at org.gradle.api.internal.tasks.testing.SuiteTestClassProcessor.processTestClass(SuiteTestClassProcessor.java:51)
	at sun.reflect.NativeMethodAccessorImpl.invoke0(Native Method)
	at sun.reflect.NativeMethodAccessorImpl.invoke(NativeMethodAccessorImpl.java:62)
	at sun.reflect.DelegatingMethodAccessorImpl.invoke(DelegatingMethodAccessorImpl.java:43)
	at java.lang.reflect.Method.invoke(Method.java:498)
	at org.gradle.internal.dispatch.ReflectionDispatch.dispatch(ReflectionDispatch.java:35)
	at org.gradle.internal.dispatch.ReflectionDispatch.dispatch(ReflectionDispatch.java:24)
	at org.gradle.internal.dispatch.ContextClassLoaderDispatch.dispatch(ContextClassLoaderDispatch.java:32)
	at org.gradle.internal.dispatch.ProxyDispatchAdapter$DispatchingInvocationHandler.invoke(ProxyDispatchAdapter.java:93)
	at com.sun.proxy.$Proxy3.processTestClass(Unknown Source)
	at org.gradle.api.internal.tasks.testing.worker.TestWorker.processTestClass(TestWorker.java:109)
	at sun.reflect.NativeMethodAccessorImpl.invoke0(Native Method)
	at sun.reflect.NativeMethodAccessorImpl.invoke(NativeMethodAccessorImpl.java:62)
	at sun.reflect.DelegatingMethodAccessorImpl.invoke(DelegatingMethodAccessorImpl.java:43)
	at java.lang.reflect.Method.invoke(Method.java:498)
	at org.gradle.internal.dispatch.ReflectionDispatch.dispatch(ReflectionDispatch.java:35)
	at org.gradle.internal.dispatch.ReflectionDispatch.dispatch(ReflectionDispatch.java:24)
	at org.gradle.internal.remote.internal.hub.MessageHub$Handler.run(MessageHub.java:377)
	at org.gradle.internal.concurrent.ExecutorPolicy$CatchAndRecordFailures.onExecute(ExecutorPolicy.java:54)
	at org.gradle.internal.concurrent.StoppableExecutorImpl$1.run(StoppableExecutorImpl.java:40)
	at java.util.concurrent.ThreadPoolExecutor.runWorker(ThreadPoolExecutor.java:1142)
	at java.util.concurrent.ThreadPoolExecutor$Worker.run(ThreadPoolExecutor.java:617)
	at java.lang.Thread.run(Thread.java:745)
</failure>
  </testcase>
  <testcase name="testRemoveBook" classname="API_Tests" time="0.379">
    <failure message="java.lang.NullPointerException" type="java.lang.NullPointerException">java.lang.NullPointerException
	at API_Tests.setUp(API_Tests.java:43)
	at sun.reflect.NativeMethodAccessorImpl.invoke0(Native Method)
	at sun.reflect.NativeMethodAccessorImpl.invoke(NativeMethodAccessorImpl.java:62)
	at sun.reflect.DelegatingMethodAccessorImpl.invoke(DelegatingMethodAccessorImpl.java:43)
	at java.lang.reflect.Method.invoke(Method.java:498)
	at org.junit.runners.model.FrameworkMethod$1.runReflectiveCall(FrameworkMethod.java:50)
	at org.junit.internal.runners.model.ReflectiveCallable.run(ReflectiveCallable.java:12)
	at org.junit.runners.model.FrameworkMethod.invokeExplosively(FrameworkMethod.java:47)
	at org.junit.internal.runners.statements.RunBefores.evaluate(RunBefores.java:24)
	at org.junit.internal.runners.statements.RunAfters.evaluate(RunAfters.java:27)
	at org.junit.runners.ParentRunner.runLeaf(ParentRunner.java:325)
	at org.junit.runners.BlockJUnit4ClassRunner.runChild(BlockJUnit4ClassRunner.java:78)
	at org.junit.runners.BlockJUnit4ClassRunner.runChild(BlockJUnit4ClassRunner.java:57)
	at org.junit.runners.ParentRunner$3.run(ParentRunner.java:290)
	at org.junit.runners.ParentRunner$1.schedule(ParentRunner.java:71)
	at org.junit.runners.ParentRunner.runChildren(ParentRunner.java:288)
	at org.junit.runners.ParentRunner.access$000(ParentRunner.java:58)
	at org.junit.runners.ParentRunner$2.evaluate(ParentRunner.java:268)
	at io.dropwizard.testing.junit.ResourceTestRule$1.evaluate(ResourceTestRule.java:158)
	at org.junit.rules.RunRules.evaluate(RunRules.java:20)
	at org.junit.runners.ParentRunner.run(ParentRunner.java:363)
	at org.gradle.api.internal.tasks.testing.junit.JUnitTestClassExecuter.runTestClass(JUnitTestClassExecuter.java:114)
	at org.gradle.api.internal.tasks.testing.junit.JUnitTestClassExecuter.execute(JUnitTestClassExecuter.java:57)
	at org.gradle.api.internal.tasks.testing.junit.JUnitTestClassProcessor.processTestClass(JUnitTestClassProcessor.java:66)
	at org.gradle.api.internal.tasks.testing.SuiteTestClassProcessor.processTestClass(SuiteTestClassProcessor.java:51)
	at sun.reflect.NativeMethodAccessorImpl.invoke0(Native Method)
	at sun.reflect.NativeMethodAccessorImpl.invoke(NativeMethodAccessorImpl.java:62)
	at sun.reflect.DelegatingMethodAccessorImpl.invoke(DelegatingMethodAccessorImpl.java:43)
	at java.lang.reflect.Method.invoke(Method.java:498)
	at org.gradle.internal.dispatch.ReflectionDispatch.dispatch(ReflectionDispatch.java:35)
	at org.gradle.internal.dispatch.ReflectionDispatch.dispatch(ReflectionDispatch.java:24)
	at org.gradle.internal.dispatch.ContextClassLoaderDispatch.dispatch(ContextClassLoaderDispatch.java:32)
	at org.gradle.internal.dispatch.ProxyDispatchAdapter$DispatchingInvocationHandler.invoke(ProxyDispatchAdapter.java:93)
	at com.sun.proxy.$Proxy3.processTestClass(Unknown Source)
	at org.gradle.api.internal.tasks.testing.worker.TestWorker.processTestClass(TestWorker.java:109)
	at sun.reflect.NativeMethodAccessorImpl.invoke0(Native Method)
	at sun.reflect.NativeMethodAccessorImpl.invoke(NativeMethodAccessorImpl.java:62)
	at sun.reflect.DelegatingMethodAccessorImpl.invoke(DelegatingMethodAccessorImpl.java:43)
	at java.lang.reflect.Method.invoke(Method.java:498)
	at org.gradle.internal.dispatch.ReflectionDispatch.dispatch(ReflectionDispatch.java:35)
	at org.gradle.internal.dispatch.ReflectionDispatch.dispatch(ReflectionDispatch.java:24)
	at org.gradle.internal.remote.internal.hub.MessageHub$Handler.run(MessageHub.java:377)
	at org.gradle.internal.concurrent.ExecutorPolicy$CatchAndRecordFailures.onExecute(ExecutorPolicy.java:54)
	at org.gradle.internal.concurrent.StoppableExecutorImpl$1.run(StoppableExecutorImpl.java:40)
	at java.util.concurrent.ThreadPoolExecutor.runWorker(ThreadPoolExecutor.java:1142)
	at java.util.concurrent.ThreadPoolExecutor$Worker.run(ThreadPoolExecutor.java:617)
	at java.lang.Thread.run(Thread.java:745)
</failure>
  </testcase>
  <system-out><![CDATA[WARN  [2017-03-15 07:37:17,013] org.glassfish.jersey.internal.inject.Providers: A provider lnu.resources.EditBookResource registered in SERVER runtime does not implement any provider interfaces applicable in the SERVER runtime. Due to constraint configuration problems the provider lnu.resources.EditBookResource will be ignored. 
WARN  [2017-03-15 07:37:17,030] org.glassfish.jersey.internal.inject.Providers: A provider lnu.resources.AddBookResource registered in SERVER runtime does not implement any provider interfaces applicable in the SERVER runtime. Due to constraint configuration problems the provider lnu.resources.AddBookResource will be ignored. 
]]></system-out>
  <system-err><![CDATA[com.sun.xml.internal.bind.v2.runtime.IllegalAnnotationsException: 14 counts of IllegalAnnotationExceptions
There are two properties named "author"
	this problem is related to the following location:
		at public java.lang.String lnu.models.book.getAuthor()
		at lnu.models.book
		at public java.util.ArrayList lnu.models.Catalog.getBooks()
		at lnu.models.Catalog
	this problem is related to the following location:
		at public java.lang.String lnu.models.book.author
		at lnu.models.book
		at public java.util.ArrayList lnu.models.Catalog.getBooks()
		at lnu.models.Catalog
There are two properties named "description"
	this problem is related to the following location:
		at public java.lang.String lnu.models.book.getDescription()
		at lnu.models.book
		at public java.util.ArrayList lnu.models.Catalog.getBooks()
		at lnu.models.Catalog
	this problem is related to the following location:
		at public java.lang.String lnu.models.book.description
		at lnu.models.book
		at public java.util.ArrayList lnu.models.Catalog.getBooks()
		at lnu.models.Catalog
There are two properties named "genre"
	this problem is related to the following location:
		at public java.lang.String lnu.models.book.getGenre()
		at lnu.models.book
		at public java.util.ArrayList lnu.models.Catalog.getBooks()
		at lnu.models.Catalog
	this problem is related to the following location:
		at public java.lang.String lnu.models.book.genre
		at lnu.models.book
		at public java.util.ArrayList lnu.models.Catalog.getBooks()
		at lnu.models.Catalog
There are two properties named "id"
	this problem is related to the following location:
		at public java.lang.String lnu.models.book.getId()
		at lnu.models.book
		at public java.util.ArrayList lnu.models.Catalog.getBooks()
		at lnu.models.Catalog
	this problem is related to the following location:
		at public java.lang.String lnu.models.book.id
		at lnu.models.book
		at public java.util.ArrayList lnu.models.Catalog.getBooks()
		at lnu.models.Catalog
There are two properties named "price"
	this problem is related to the following location:
		at public java.lang.String lnu.models.book.getPrice()
		at lnu.models.book
		at public java.util.ArrayList lnu.models.Catalog.getBooks()
		at lnu.models.Catalog
	this problem is related to the following location:
		at public java.lang.String lnu.models.book.price
		at lnu.models.book
		at public java.util.ArrayList lnu.models.Catalog.getBooks()
		at lnu.models.Catalog
There are two properties named "publishDate"
	this problem is related to the following location:
		at public java.lang.String lnu.models.book.getPublishDate()
		at lnu.models.book
		at public java.util.ArrayList lnu.models.Catalog.getBooks()
		at lnu.models.Catalog
	this problem is related to the following location:
		at public java.lang.String lnu.models.book.publishDate
		at lnu.models.book
		at public java.util.ArrayList lnu.models.Catalog.getBooks()
		at lnu.models.Catalog
There are two properties named "title"
	this problem is related to the following location:
		at public java.lang.String lnu.models.book.getTitle()
		at lnu.models.book
		at public java.util.ArrayList lnu.models.Catalog.getBooks()
		at lnu.models.Catalog
	this problem is related to the following location:
		at public java.lang.String lnu.models.book.title
		at lnu.models.book
		at public java.util.ArrayList lnu.models.Catalog.getBooks()
		at lnu.models.Catalog
Class has two properties of the same name "id"
	this problem is related to the following location:
		at public java.lang.String lnu.models.book.getId()
		at lnu.models.book
		at public java.util.ArrayList lnu.models.Catalog.getBooks()
		at lnu.models.Catalog
	this problem is related to the following location:
		at public java.lang.String lnu.models.book.id
		at lnu.models.book
		at public java.util.ArrayList lnu.models.Catalog.getBooks()
		at lnu.models.Catalog
Class has two properties of the same name "author"
	this problem is related to the following location:
		at public java.lang.String lnu.models.book.getAuthor()
		at lnu.models.book
		at public java.util.ArrayList lnu.models.Catalog.getBooks()
		at lnu.models.Catalog
	this problem is related to the following location:
		at public java.lang.String lnu.models.book.author
		at lnu.models.book
		at public java.util.ArrayList lnu.models.Catalog.getBooks()
		at lnu.models.Catalog
Class has two properties of the same name "title"
	this problem is related to the following location:
		at public java.lang.String lnu.models.book.getTitle()
		at lnu.models.book
		at public java.util.ArrayList lnu.models.Catalog.getBooks()
		at lnu.models.Catalog
	this problem is related to the following location:
		at public java.lang.String lnu.models.book.title
		at lnu.models.book
		at public java.util.ArrayList lnu.models.Catalog.getBooks()
		at lnu.models.Catalog
Class has two properties of the same name "genre"
	this problem is related to the following location:
		at public java.lang.String lnu.models.book.getGenre()
		at lnu.models.book
		at public java.util.ArrayList lnu.models.Catalog.getBooks()
		at lnu.models.Catalog
	this problem is related to the following location:
		at public java.lang.String lnu.models.book.genre
		at lnu.models.book
		at public java.util.ArrayList lnu.models.Catalog.getBooks()
		at lnu.models.Catalog
Class has two properties of the same name "price"
	this problem is related to the following location:
		at public java.lang.String lnu.models.book.getPrice()
		at lnu.models.book
		at public java.util.ArrayList lnu.models.Catalog.getBooks()
		at lnu.models.Catalog
	this problem is related to the following location:
		at public java.lang.String lnu.models.book.price
		at lnu.models.book
		at public java.util.ArrayList lnu.models.Catalog.getBooks()
		at lnu.models.Catalog
Class has two properties of the same name "publishDate"
	this problem is related to the following location:
		at public java.lang.String lnu.models.book.getPublishDate()
		at lnu.models.book
		at public java.util.ArrayList lnu.models.Catalog.getBooks()
		at lnu.models.Catalog
	this problem is related to the following location:
		at public java.lang.String lnu.models.book.publishDate
		at lnu.models.book
		at public java.util.ArrayList lnu.models.Catalog.getBooks()
		at lnu.models.Catalog
Class has two properties of the same name "description"
	this problem is related to the following location:
		at public java.lang.String lnu.models.book.getDescription()
		at lnu.models.book
		at public java.util.ArrayList lnu.models.Catalog.getBooks()
		at lnu.models.Catalog
	this problem is related to the following location:
		at public java.lang.String lnu.models.book.description
		at lnu.models.book
		at public java.util.ArrayList lnu.models.Catalog.getBooks()
		at lnu.models.Catalog

	at com.sun.xml.internal.bind.v2.runtime.IllegalAnnotationsException$Builder.check(IllegalAnnotationsException.java:91)
	at com.sun.xml.internal.bind.v2.runtime.JAXBContextImpl.getTypeInfoSet(JAXBContextImpl.java:445)
	at com.sun.xml.internal.bind.v2.runtime.JAXBContextImpl.<init>(JAXBContextImpl.java:277)
	at com.sun.xml.internal.bind.v2.runtime.JAXBContextImpl.<init>(JAXBContextImpl.java:124)
	at com.sun.xml.internal.bind.v2.runtime.JAXBContextImpl$JAXBContextBuilder.build(JAXBContextImpl.java:1123)
	at com.sun.xml.internal.bind.v2.ContextFactory.createContext(ContextFactory.java:147)
	at sun.reflect.NativeMethodAccessorImpl.invoke0(Native Method)
	at sun.reflect.NativeMethodAccessorImpl.invoke(NativeMethodAccessorImpl.java:62)
	at sun.reflect.DelegatingMethodAccessorImpl.invoke(DelegatingMethodAccessorImpl.java:43)
	at java.lang.reflect.Method.invoke(Method.java:498)
	at javax.xml.bind.ContextFinder.newInstance(ContextFinder.java:247)
	at javax.xml.bind.ContextFinder.newInstance(ContextFinder.java:234)
	at javax.xml.bind.ContextFinder.find(ContextFinder.java:462)
	at javax.xml.bind.JAXBContext.newInstance(JAXBContext.java:641)
	at javax.xml.bind.JAXBContext.newInstance(JAXBContext.java:584)
	at lnu.dao.booksDAO.BooksFromFile(booksDAO.java:22)
	at lnu.resources.GetBookResource.<init>(GetBookResource.java:16)
	at API_Tests.<clinit>(API_Tests.java:27)
	at sun.misc.Unsafe.ensureClassInitialized(Native Method)
	at sun.reflect.UnsafeFieldAccessorFactory.newFieldAccessor(UnsafeFieldAccessorFactory.java:43)
	at sun.reflect.ReflectionFactory.newFieldAccessor(ReflectionFactory.java:156)
	at java.lang.reflect.Field.acquireFieldAccessor(Field.java:1088)
	at java.lang.reflect.Field.getFieldAccessor(Field.java:1069)
	at java.lang.reflect.Field.get(Field.java:393)
	at org.junit.runners.model.FrameworkField.get(FrameworkField.java:73)
	at org.junit.runners.model.TestClass.getAnnotatedFieldValues(TestClass.java:230)
	at org.junit.runners.ParentRunner.classRules(ParentRunner.java:255)
	at org.junit.runners.ParentRunner.withClassRules(ParentRunner.java:244)
	at org.junit.runners.ParentRunner.classBlock(ParentRunner.java:194)
	at org.junit.runners.ParentRunner.run(ParentRunner.java:362)
	at org.gradle.api.internal.tasks.testing.junit.JUnitTestClassExecuter.runTestClass(JUnitTestClassExecuter.java:114)
	at org.gradle.api.internal.tasks.testing.junit.JUnitTestClassExecuter.execute(JUnitTestClassExecuter.java:57)
	at org.gradle.api.internal.tasks.testing.junit.JUnitTestClassProcessor.processTestClass(JUnitTestClassProcessor.java:66)
	at org.gradle.api.internal.tasks.testing.SuiteTestClassProcessor.processTestClass(SuiteTestClassProcessor.java:51)
	at sun.reflect.NativeMethodAccessorImpl.invoke0(Native Method)
	at sun.reflect.NativeMethodAccessorImpl.invoke(NativeMethodAccessorImpl.java:62)
	at sun.reflect.DelegatingMethodAccessorImpl.invoke(DelegatingMethodAccessorImpl.java:43)
	at java.lang.reflect.Method.invoke(Method.java:498)
	at org.gradle.internal.dispatch.ReflectionDispatch.dispatch(ReflectionDispatch.java:35)
	at org.gradle.internal.dispatch.ReflectionDispatch.dispatch(ReflectionDispatch.java:24)
	at org.gradle.internal.dispatch.ContextClassLoaderDispatch.dispatch(ContextClassLoaderDispatch.java:32)
	at org.gradle.internal.dispatch.ProxyDispatchAdapter$DispatchingInvocationHandler.invoke(ProxyDispatchAdapter.java:93)
	at com.sun.proxy.$Proxy3.processTestClass(Unknown Source)
	at org.gradle.api.internal.tasks.testing.worker.TestWorker.processTestClass(TestWorker.java:109)
	at sun.reflect.NativeMethodAccessorImpl.invoke0(Native Method)
	at sun.reflect.NativeMethodAccessorImpl.invoke(NativeMethodAccessorImpl.java:62)
	at sun.reflect.DelegatingMethodAccessorImpl.invoke(DelegatingMethodAccessorImpl.java:43)
	at java.lang.reflect.Method.invoke(Method.java:498)
	at org.gradle.internal.dispatch.ReflectionDispatch.dispatch(ReflectionDispatch.java:35)
	at org.gradle.internal.dispatch.ReflectionDispatch.dispatch(ReflectionDispatch.java:24)
	at org.gradle.internal.remote.internal.hub.MessageHub$Handler.run(MessageHub.java:377)
	at org.gradle.internal.concurrent.ExecutorPolicy$CatchAndRecordFailures.onExecute(ExecutorPolicy.java:54)
	at org.gradle.internal.concurrent.StoppableExecutorImpl$1.run(StoppableExecutorImpl.java:40)
	at java.util.concurrent.ThreadPoolExecutor.runWorker(ThreadPoolExecutor.java:1142)
	at java.util.concurrent.ThreadPoolExecutor$Worker.run(ThreadPoolExecutor.java:617)
	at java.lang.Thread.run(Thread.java:745)
com.sun.xml.internal.bind.v2.runtime.IllegalAnnotationsException: 14 counts of IllegalAnnotationExceptions
There are two properties named "author"
	this problem is related to the following location:
		at public java.lang.String lnu.models.book.getAuthor()
		at lnu.models.book
		at public java.util.ArrayList lnu.models.Catalog.getBooks()
		at lnu.models.Catalog
	this problem is related to the following location:
		at public java.lang.String lnu.models.book.author
		at lnu.models.book
		at public java.util.ArrayList lnu.models.Catalog.getBooks()
		at lnu.models.Catalog
There are two properties named "description"
	this problem is related to the following location:
		at public java.lang.String lnu.models.book.getDescription()
		at lnu.models.book
		at public java.util.ArrayList lnu.models.Catalog.getBooks()
		at lnu.models.Catalog
	this problem is related to the following location:
		at public java.lang.String lnu.models.book.description
		at lnu.models.book
		at public java.util.ArrayList lnu.models.Catalog.getBooks()
		at lnu.models.Catalog
There are two properties named "genre"
	this problem is related to the following location:
		at public java.lang.String lnu.models.book.getGenre()
		at lnu.models.book
		at public java.util.ArrayList lnu.models.Catalog.getBooks()
		at lnu.models.Catalog
	this problem is related to the following location:
		at public java.lang.String lnu.models.book.genre
		at lnu.models.book
		at public java.util.ArrayList lnu.models.Catalog.getBooks()
		at lnu.models.Catalog
There are two properties named "id"
	this problem is related to the following location:
		at public java.lang.String lnu.models.book.getId()
		at lnu.models.book
		at public java.util.ArrayList lnu.models.Catalog.getBooks()
		at lnu.models.Catalog
	this problem is related to the following location:
		at public java.lang.String lnu.models.book.id
		at lnu.models.book
		at public java.util.ArrayList lnu.models.Catalog.getBooks()
		at lnu.models.Catalog
There are two properties named "price"
	this problem is related to the following location:
		at public java.lang.String lnu.models.book.getPrice()
		at lnu.models.book
		at public java.util.ArrayList lnu.models.Catalog.getBooks()
		at lnu.models.Catalog
	this problem is related to the following location:
		at public java.lang.String lnu.models.book.price
		at lnu.models.book
		at public java.util.ArrayList lnu.models.Catalog.getBooks()
		at lnu.models.Catalog
There are two properties named "publishDate"
	this problem is related to the following location:
		at public java.lang.String lnu.models.book.getPublishDate()
		at lnu.models.book
		at public java.util.ArrayList lnu.models.Catalog.getBooks()
		at lnu.models.Catalog
	this problem is related to the following location:
		at public java.lang.String lnu.models.book.publishDate
		at lnu.models.book
		at public java.util.ArrayList lnu.models.Catalog.getBooks()
		at lnu.models.Catalog
There are two properties named "title"
	this problem is related to the following location:
		at public java.lang.String lnu.models.book.getTitle()
		at lnu.models.book
		at public java.util.ArrayList lnu.models.Catalog.getBooks()
		at lnu.models.Catalog
	this problem is related to the following location:
		at public java.lang.String lnu.models.book.title
		at lnu.models.book
		at public java.util.ArrayList lnu.models.Catalog.getBooks()
		at lnu.models.Catalog
Class has two properties of the same name "id"
	this problem is related to the following location:
		at public java.lang.String lnu.models.book.getId()
		at lnu.models.book
		at public java.util.ArrayList lnu.models.Catalog.getBooks()
		at lnu.models.Catalog
	this problem is related to the following location:
		at public java.lang.String lnu.models.book.id
		at lnu.models.book
		at public java.util.ArrayList lnu.models.Catalog.getBooks()
		at lnu.models.Catalog
Class has two properties of the same name "author"
	this problem is related to the following location:
		at public java.lang.String lnu.models.book.getAuthor()
		at lnu.models.book
		at public java.util.ArrayList lnu.models.Catalog.getBooks()
		at lnu.models.Catalog
	this problem is related to the following location:
		at public java.lang.String lnu.models.book.author
		at lnu.models.book
		at public java.util.ArrayList lnu.models.Catalog.getBooks()
		at lnu.models.Catalog
Class has two properties of the same name "title"
	this problem is related to the following location:
		at public java.lang.String lnu.models.book.getTitle()
		at lnu.models.book
		at public java.util.ArrayList lnu.models.Catalog.getBooks()
		at lnu.models.Catalog
	this problem is related to the following location:
		at public java.lang.String lnu.models.book.title
		at lnu.models.book
		at public java.util.ArrayList lnu.models.Catalog.getBooks()
		at lnu.models.Catalog
Class has two properties of the same name "genre"
	this problem is related to the following location:
		at public java.lang.String lnu.models.book.getGenre()
		at lnu.models.book
		at public java.util.ArrayList lnu.models.Catalog.getBooks()
		at lnu.models.Catalog
	this problem is related to the following location:
		at public java.lang.String lnu.models.book.genre
		at lnu.models.book
		at public java.util.ArrayList lnu.models.Catalog.getBooks()
		at lnu.models.Catalog
Class has two properties of the same name "price"
	this problem is related to the following location:
		at public java.lang.String lnu.models.book.getPrice()
		at lnu.models.book
		at public java.util.ArrayList lnu.models.Catalog.getBooks()
		at lnu.models.Catalog
	this problem is related to the following location:
		at public java.lang.String lnu.models.book.price
		at lnu.models.book
		at public java.util.ArrayList lnu.models.Catalog.getBooks()
		at lnu.models.Catalog
Class has two properties of the same name "publishDate"
	this problem is related to the following location:
		at public java.lang.String lnu.models.book.getPublishDate()
		at lnu.models.book
		at public java.util.ArrayList lnu.models.Catalog.getBooks()
		at lnu.models.Catalog
	this problem is related to the following location:
		at public java.lang.String lnu.models.book.publishDate
		at lnu.models.book
		at public java.util.ArrayList lnu.models.Catalog.getBooks()
		at lnu.models.Catalog
Class has two properties of the same name "description"
	this problem is related to the following location:
		at public java.lang.String lnu.models.book.getDescription()
		at lnu.models.book
		at public java.util.ArrayList lnu.models.Catalog.getBooks()
		at lnu.models.Catalog
	this problem is related to the following location:
		at public java.lang.String lnu.models.book.description
		at lnu.models.book
		at public java.util.ArrayList lnu.models.Catalog.getBooks()
		at lnu.models.Catalog

	at com.sun.xml.internal.bind.v2.runtime.IllegalAnnotationsException$Builder.check(IllegalAnnotationsException.java:91)
	at com.sun.xml.internal.bind.v2.runtime.JAXBContextImpl.getTypeInfoSet(JAXBContextImpl.java:445)
	at com.sun.xml.internal.bind.v2.runtime.JAXBContextImpl.<init>(JAXBContextImpl.java:277)
	at com.sun.xml.internal.bind.v2.runtime.JAXBContextImpl.<init>(JAXBContextImpl.java:124)
	at com.sun.xml.internal.bind.v2.runtime.JAXBContextImpl$JAXBContextBuilder.build(JAXBContextImpl.java:1123)
	at com.sun.xml.internal.bind.v2.ContextFactory.createContext(ContextFactory.java:147)
	at sun.reflect.NativeMethodAccessorImpl.invoke0(Native Method)
	at sun.reflect.NativeMethodAccessorImpl.invoke(NativeMethodAccessorImpl.java:62)
	at sun.reflect.DelegatingMethodAccessorImpl.invoke(DelegatingMethodAccessorImpl.java:43)
	at java.lang.reflect.Method.invoke(Method.java:498)
	at javax.xml.bind.ContextFinder.newInstance(ContextFinder.java:247)
	at javax.xml.bind.ContextFinder.newInstance(ContextFinder.java:234)
	at javax.xml.bind.ContextFinder.find(ContextFinder.java:462)
	at javax.xml.bind.JAXBContext.newInstance(JAXBContext.java:641)
	at javax.xml.bind.JAXBContext.newInstance(JAXBContext.java:584)
	at lnu.dao.booksDAO.BooksFromFile(booksDAO.java:22)
	at API_Tests.setUp(API_Tests.java:36)
	at sun.reflect.NativeMethodAccessorImpl.invoke0(Native Method)
	at sun.reflect.NativeMethodAccessorImpl.invoke(NativeMethodAccessorImpl.java:62)
	at sun.reflect.DelegatingMethodAccessorImpl.invoke(DelegatingMethodAccessorImpl.java:43)
	at java.lang.reflect.Method.invoke(Method.java:498)
	at org.junit.runners.model.FrameworkMethod$1.runReflectiveCall(FrameworkMethod.java:50)
	at org.junit.internal.runners.model.ReflectiveCallable.run(ReflectiveCallable.java:12)
	at org.junit.runners.model.FrameworkMethod.invokeExplosively(FrameworkMethod.java:47)
	at org.junit.internal.runners.statements.RunBefores.evaluate(RunBefores.java:24)
	at org.junit.internal.runners.statements.RunAfters.evaluate(RunAfters.java:27)
	at org.junit.runners.ParentRunner.runLeaf(ParentRunner.java:325)
	at org.junit.runners.BlockJUnit4ClassRunner.runChild(BlockJUnit4ClassRunner.java:78)
	at org.junit.runners.BlockJUnit4ClassRunner.runChild(BlockJUnit4ClassRunner.java:57)
	at org.junit.runners.ParentRunner$3.run(ParentRunner.java:290)
	at org.junit.runners.ParentRunner$1.schedule(ParentRunner.java:71)
	at org.junit.runners.ParentRunner.runChildren(ParentRunner.java:288)
	at org.junit.runners.ParentRunner.access$000(ParentRunner.java:58)
	at org.junit.runners.ParentRunner$2.evaluate(ParentRunner.java:268)
	at io.dropwizard.testing.junit.ResourceTestRule$1.evaluate(ResourceTestRule.java:158)
	at org.junit.rules.RunRules.evaluate(RunRules.java:20)
	at org.junit.runners.ParentRunner.run(ParentRunner.java:363)
	at org.gradle.api.internal.tasks.testing.junit.JUnitTestClassExecuter.runTestClass(JUnitTestClassExecuter.java:114)
	at org.gradle.api.internal.tasks.testing.junit.JUnitTestClassExecuter.execute(JUnitTestClassExecuter.java:57)
	at org.gradle.api.internal.tasks.testing.junit.JUnitTestClassProcessor.processTestClass(JUnitTestClassProcessor.java:66)
	at org.gradle.api.internal.tasks.testing.SuiteTestClassProcessor.processTestClass(SuiteTestClassProcessor.java:51)
	at sun.reflect.NativeMethodAccessorImpl.invoke0(Native Method)
	at sun.reflect.NativeMethodAccessorImpl.invoke(NativeMethodAccessorImpl.java:62)
	at sun.reflect.DelegatingMethodAccessorImpl.invoke(DelegatingMethodAccessorImpl.java:43)
	at java.lang.reflect.Method.invoke(Method.java:498)
	at org.gradle.internal.dispatch.ReflectionDispatch.dispatch(ReflectionDispatch.java:35)
	at org.gradle.internal.dispatch.ReflectionDispatch.dispatch(ReflectionDispatch.java:24)
	at org.gradle.internal.dispatch.ContextClassLoaderDispatch.dispatch(ContextClassLoaderDispatch.java:32)
	at org.gradle.internal.dispatch.ProxyDispatchAdapter$DispatchingInvocationHandler.invoke(ProxyDispatchAdapter.java:93)
	at com.sun.proxy.$Proxy3.processTestClass(Unknown Source)
	at org.gradle.api.internal.tasks.testing.worker.TestWorker.processTestClass(TestWorker.java:109)
	at sun.reflect.NativeMethodAccessorImpl.invoke0(Native Method)
	at sun.reflect.NativeMethodAccessorImpl.invoke(NativeMethodAccessorImpl.java:62)
	at sun.reflect.DelegatingMethodAccessorImpl.invoke(DelegatingMethodAccessorImpl.java:43)
	at java.lang.reflect.Method.invoke(Method.java:498)
	at org.gradle.internal.dispatch.ReflectionDispatch.dispatch(ReflectionDispatch.java:35)
	at org.gradle.internal.dispatch.ReflectionDispatch.dispatch(ReflectionDispatch.java:24)
	at org.gradle.internal.remote.internal.hub.MessageHub$Handler.run(MessageHub.java:377)
	at org.gradle.internal.concurrent.ExecutorPolicy$CatchAndRecordFailures.onExecute(ExecutorPolicy.java:54)
	at org.gradle.internal.concurrent.StoppableExecutorImpl$1.run(StoppableExecutorImpl.java:40)
	at java.util.concurrent.ThreadPoolExecutor.runWorker(ThreadPoolExecutor.java:1142)
	at java.util.concurrent.ThreadPoolExecutor$Worker.run(ThreadPoolExecutor.java:617)
	at java.lang.Thread.run(Thread.java:745)
com.sun.xml.internal.bind.v2.runtime.IllegalAnnotationsException: 14 counts of IllegalAnnotationExceptions
There are two properties named "author"
	this problem is related to the following location:
		at public java.lang.String lnu.models.book.getAuthor()
		at lnu.models.book
		at public java.util.ArrayList lnu.models.Catalog.getBooks()
		at lnu.models.Catalog
	this problem is related to the following location:
		at public java.lang.String lnu.models.book.author
		at lnu.models.book
		at public java.util.ArrayList lnu.models.Catalog.getBooks()
		at lnu.models.Catalog
There are two properties named "description"
	this problem is related to the following location:
		at public java.lang.String lnu.models.book.getDescription()
		at lnu.models.book
		at public java.util.ArrayList lnu.models.Catalog.getBooks()
		at lnu.models.Catalog
	this problem is related to the following location:
		at public java.lang.String lnu.models.book.description
		at lnu.models.book
		at public java.util.ArrayList lnu.models.Catalog.getBooks()
		at lnu.models.Catalog
There are two properties named "genre"
	this problem is related to the following location:
		at public java.lang.String lnu.models.book.getGenre()
		at lnu.models.book
		at public java.util.ArrayList lnu.models.Catalog.getBooks()
		at lnu.models.Catalog
	this problem is related to the following location:
		at public java.lang.String lnu.models.book.genre
		at lnu.models.book
		at public java.util.ArrayList lnu.models.Catalog.getBooks()
		at lnu.models.Catalog
There are two properties named "id"
	this problem is related to the following location:
		at public java.lang.String lnu.models.book.getId()
		at lnu.models.book
		at public java.util.ArrayList lnu.models.Catalog.getBooks()
		at lnu.models.Catalog
	this problem is related to the following location:
		at public java.lang.String lnu.models.book.id
		at lnu.models.book
		at public java.util.ArrayList lnu.models.Catalog.getBooks()
		at lnu.models.Catalog
There are two properties named "price"
	this problem is related to the following location:
		at public java.lang.String lnu.models.book.getPrice()
		at lnu.models.book
		at public java.util.ArrayList lnu.models.Catalog.getBooks()
		at lnu.models.Catalog
	this problem is related to the following location:
		at public java.lang.String lnu.models.book.price
		at lnu.models.book
		at public java.util.ArrayList lnu.models.Catalog.getBooks()
		at lnu.models.Catalog
There are two properties named "publishDate"
	this problem is related to the following location:
		at public java.lang.String lnu.models.book.getPublishDate()
		at lnu.models.book
		at public java.util.ArrayList lnu.models.Catalog.getBooks()
		at lnu.models.Catalog
	this problem is related to the following location:
		at public java.lang.String lnu.models.book.publishDate
		at lnu.models.book
		at public java.util.ArrayList lnu.models.Catalog.getBooks()
		at lnu.models.Catalog
There are two properties named "title"
	this problem is related to the following location:
		at public java.lang.String lnu.models.book.getTitle()
		at lnu.models.book
		at public java.util.ArrayList lnu.models.Catalog.getBooks()
		at lnu.models.Catalog
	this problem is related to the following location:
		at public java.lang.String lnu.models.book.title
		at lnu.models.book
		at public java.util.ArrayList lnu.models.Catalog.getBooks()
		at lnu.models.Catalog
Class has two properties of the same name "id"
	this problem is related to the following location:
		at public java.lang.String lnu.models.book.getId()
		at lnu.models.book
		at public java.util.ArrayList lnu.models.Catalog.getBooks()
		at lnu.models.Catalog
	this problem is related to the following location:
		at public java.lang.String lnu.models.book.id
		at lnu.models.book
		at public java.util.ArrayList lnu.models.Catalog.getBooks()
		at lnu.models.Catalog
Class has two properties of the same name "author"
	this problem is related to the following location:
		at public java.lang.String lnu.models.book.getAuthor()
		at lnu.models.book
		at public java.util.ArrayList lnu.models.Catalog.getBooks()
		at lnu.models.Catalog
	this problem is related to the following location:
		at public java.lang.String lnu.models.book.author
		at lnu.models.book
		at public java.util.ArrayList lnu.models.Catalog.getBooks()
		at lnu.models.Catalog
Class has two properties of the same name "title"
	this problem is related to the following location:
		at public java.lang.String lnu.models.book.getTitle()
		at lnu.models.book
		at public java.util.ArrayList lnu.models.Catalog.getBooks()
		at lnu.models.Catalog
	this problem is related to the following location:
		at public java.lang.String lnu.models.book.title
		at lnu.models.book
		at public java.util.ArrayList lnu.models.Catalog.getBooks()
		at lnu.models.Catalog
Class has two properties of the same name "genre"
	this problem is related to the following location:
		at public java.lang.String lnu.models.book.getGenre()
		at lnu.models.book
		at public java.util.ArrayList lnu.models.Catalog.getBooks()
		at lnu.models.Catalog
	this problem is related to the following location:
		at public java.lang.String lnu.models.book.genre
		at lnu.models.book
		at public java.util.ArrayList lnu.models.Catalog.getBooks()
		at lnu.models.Catalog
Class has two properties of the same name "price"
	this problem is related to the following location:
		at public java.lang.String lnu.models.book.getPrice()
		at lnu.models.book
		at public java.util.ArrayList lnu.models.Catalog.getBooks()
		at lnu.models.Catalog
	this problem is related to the following location:
		at public java.lang.String lnu.models.book.price
		at lnu.models.book
		at public java.util.ArrayList lnu.models.Catalog.getBooks()
		at lnu.models.Catalog
Class has two properties of the same name "publishDate"
	this problem is related to the following location:
		at public java.lang.String lnu.models.book.getPublishDate()
		at lnu.models.book
		at public java.util.ArrayList lnu.models.Catalog.getBooks()
		at lnu.models.Catalog
	this problem is related to the following location:
		at public java.lang.String lnu.models.book.publishDate
		at lnu.models.book
		at public java.util.ArrayList lnu.models.Catalog.getBooks()
		at lnu.models.Catalog
Class has two properties of the same name "description"
	this problem is related to the following location:
		at public java.lang.String lnu.models.book.getDescription()
		at lnu.models.book
		at public java.util.ArrayList lnu.models.Catalog.getBooks()
		at lnu.models.Catalog
	this problem is related to the following location:
		at public java.lang.String lnu.models.book.description
		at lnu.models.book
		at public java.util.ArrayList lnu.models.Catalog.getBooks()
		at lnu.models.Catalog

	at com.sun.xml.internal.bind.v2.runtime.IllegalAnnotationsException$Builder.check(IllegalAnnotationsException.java:91)
	at com.sun.xml.internal.bind.v2.runtime.JAXBContextImpl.getTypeInfoSet(JAXBContextImpl.java:445)
	at com.sun.xml.internal.bind.v2.runtime.JAXBContextImpl.<init>(JAXBContextImpl.java:277)
	at com.sun.xml.internal.bind.v2.runtime.JAXBContextImpl.<init>(JAXBContextImpl.java:124)
	at com.sun.xml.internal.bind.v2.runtime.JAXBContextImpl$JAXBContextBuilder.build(JAXBContextImpl.java:1123)
	at com.sun.xml.internal.bind.v2.ContextFactory.createContext(ContextFactory.java:147)
	at sun.reflect.NativeMethodAccessorImpl.invoke0(Native Method)
	at sun.reflect.NativeMethodAccessorImpl.invoke(NativeMethodAccessorImpl.java:62)
	at sun.reflect.DelegatingMethodAccessorImpl.invoke(DelegatingMethodAccessorImpl.java:43)
	at java.lang.reflect.Method.invoke(Method.java:498)
	at javax.xml.bind.ContextFinder.newInstance(ContextFinder.java:247)
	at javax.xml.bind.ContextFinder.newInstance(ContextFinder.java:234)
	at javax.xml.bind.ContextFinder.find(ContextFinder.java:462)
	at javax.xml.bind.JAXBContext.newInstance(JAXBContext.java:641)
	at javax.xml.bind.JAXBContext.newInstance(JAXBContext.java:584)
	at lnu.dao.booksDAO.BooksFromFile(booksDAO.java:22)
	at API_Tests.setUp(API_Tests.java:37)
	at sun.reflect.NativeMethodAccessorImpl.invoke0(Native Method)
	at sun.reflect.NativeMethodAccessorImpl.invoke(NativeMethodAccessorImpl.java:62)
	at sun.reflect.DelegatingMethodAccessorImpl.invoke(DelegatingMethodAccessorImpl.java:43)
	at java.lang.reflect.Method.invoke(Method.java:498)
	at org.junit.runners.model.FrameworkMethod$1.runReflectiveCall(FrameworkMethod.java:50)
	at org.junit.internal.runners.model.ReflectiveCallable.run(ReflectiveCallable.java:12)
	at org.junit.runners.model.FrameworkMethod.invokeExplosively(FrameworkMethod.java:47)
	at org.junit.internal.runners.statements.RunBefores.evaluate(RunBefores.java:24)
	at org.junit.internal.runners.statements.RunAfters.evaluate(RunAfters.java:27)
	at org.junit.runners.ParentRunner.runLeaf(ParentRunner.java:325)
	at org.junit.runners.BlockJUnit4ClassRunner.runChild(BlockJUnit4ClassRunner.java:78)
	at org.junit.runners.BlockJUnit4ClassRunner.runChild(BlockJUnit4ClassRunner.java:57)
	at org.junit.runners.ParentRunner$3.run(ParentRunner.java:290)
	at org.junit.runners.ParentRunner$1.schedule(ParentRunner.java:71)
	at org.junit.runners.ParentRunner.runChildren(ParentRunner.java:288)
	at org.junit.runners.ParentRunner.access$000(ParentRunner.java:58)
	at org.junit.runners.ParentRunner$2.evaluate(ParentRunner.java:268)
	at io.dropwizard.testing.junit.ResourceTestRule$1.evaluate(ResourceTestRule.java:158)
	at org.junit.rules.RunRules.evaluate(RunRules.java:20)
	at org.junit.runners.ParentRunner.run(ParentRunner.java:363)
	at org.gradle.api.internal.tasks.testing.junit.JUnitTestClassExecuter.runTestClass(JUnitTestClassExecuter.java:114)
	at org.gradle.api.internal.tasks.testing.junit.JUnitTestClassExecuter.execute(JUnitTestClassExecuter.java:57)
	at org.gradle.api.internal.tasks.testing.junit.JUnitTestClassProcessor.processTestClass(JUnitTestClassProcessor.java:66)
	at org.gradle.api.internal.tasks.testing.SuiteTestClassProcessor.processTestClass(SuiteTestClassProcessor.java:51)
	at sun.reflect.NativeMethodAccessorImpl.invoke0(Native Method)
	at sun.reflect.NativeMethodAccessorImpl.invoke(NativeMethodAccessorImpl.java:62)
	at sun.reflect.DelegatingMethodAccessorImpl.invoke(DelegatingMethodAccessorImpl.java:43)
	at java.lang.reflect.Method.invoke(Method.java:498)
	at org.gradle.internal.dispatch.ReflectionDispatch.dispatch(ReflectionDispatch.java:35)
	at org.gradle.internal.dispatch.ReflectionDispatch.dispatch(ReflectionDispatch.java:24)
	at org.gradle.internal.dispatch.ContextClassLoaderDispatch.dispatch(ContextClassLoaderDispatch.java:32)
	at org.gradle.internal.dispatch.ProxyDispatchAdapter$DispatchingInvocationHandler.invoke(ProxyDispatchAdapter.java:93)
	at com.sun.proxy.$Proxy3.processTestClass(Unknown Source)
	at org.gradle.api.internal.tasks.testing.worker.TestWorker.processTestClass(TestWorker.java:109)
	at sun.reflect.NativeMethodAccessorImpl.invoke0(Native Method)
	at sun.reflect.NativeMethodAccessorImpl.invoke(NativeMethodAccessorImpl.java:62)
	at sun.reflect.DelegatingMethodAccessorImpl.invoke(DelegatingMethodAccessorImpl.java:43)
	at java.lang.reflect.Method.invoke(Method.java:498)
	at org.gradle.internal.dispatch.ReflectionDispatch.dispatch(ReflectionDispatch.java:35)
	at org.gradle.internal.dispatch.ReflectionDispatch.dispatch(ReflectionDispatch.java:24)
	at org.gradle.internal.remote.internal.hub.MessageHub$Handler.run(MessageHub.java:377)
	at org.gradle.internal.concurrent.ExecutorPolicy$CatchAndRecordFailures.onExecute(ExecutorPolicy.java:54)
	at org.gradle.internal.concurrent.StoppableExecutorImpl$1.run(StoppableExecutorImpl.java:40)
	at java.util.concurrent.ThreadPoolExecutor.runWorker(ThreadPoolExecutor.java:1142)
	at java.util.concurrent.ThreadPoolExecutor$Worker.run(ThreadPoolExecutor.java:617)
	at java.lang.Thread.run(Thread.java:745)
com.sun.xml.internal.bind.v2.runtime.IllegalAnnotationsException: 14 counts of IllegalAnnotationExceptions
There are two properties named "author"
	this problem is related to the following location:
		at public java.lang.String lnu.models.book.getAuthor()
		at lnu.models.book
		at public java.util.ArrayList lnu.models.Catalog.getBooks()
		at lnu.models.Catalog
	this problem is related to the following location:
		at public java.lang.String lnu.models.book.author
		at lnu.models.book
		at public java.util.ArrayList lnu.models.Catalog.getBooks()
		at lnu.models.Catalog
There are two properties named "description"
	this problem is related to the following location:
		at public java.lang.String lnu.models.book.getDescription()
		at lnu.models.book
		at public java.util.ArrayList lnu.models.Catalog.getBooks()
		at lnu.models.Catalog
	this problem is related to the following location:
		at public java.lang.String lnu.models.book.description
		at lnu.models.book
		at public java.util.ArrayList lnu.models.Catalog.getBooks()
		at lnu.models.Catalog
There are two properties named "genre"
	this problem is related to the following location:
		at public java.lang.String lnu.models.book.getGenre()
		at lnu.models.book
		at public java.util.ArrayList lnu.models.Catalog.getBooks()
		at lnu.models.Catalog
	this problem is related to the following location:
		at public java.lang.String lnu.models.book.genre
		at lnu.models.book
		at public java.util.ArrayList lnu.models.Catalog.getBooks()
		at lnu.models.Catalog
There are two properties named "id"
	this problem is related to the following location:
		at public java.lang.String lnu.models.book.getId()
		at lnu.models.book
		at public java.util.ArrayList lnu.models.Catalog.getBooks()
		at lnu.models.Catalog
	this problem is related to the following location:
		at public java.lang.String lnu.models.book.id
		at lnu.models.book
		at public java.util.ArrayList lnu.models.Catalog.getBooks()
		at lnu.models.Catalog
There are two properties named "price"
	this problem is related to the following location:
		at public java.lang.String lnu.models.book.getPrice()
		at lnu.models.book
		at public java.util.ArrayList lnu.models.Catalog.getBooks()
		at lnu.models.Catalog
	this problem is related to the following location:
		at public java.lang.String lnu.models.book.price
		at lnu.models.book
		at public java.util.ArrayList lnu.models.Catalog.getBooks()
		at lnu.models.Catalog
There are two properties named "publishDate"
	this problem is related to the following location:
		at public java.lang.String lnu.models.book.getPublishDate()
		at lnu.models.book
		at public java.util.ArrayList lnu.models.Catalog.getBooks()
		at lnu.models.Catalog
	this problem is related to the following location:
		at public java.lang.String lnu.models.book.publishDate
		at lnu.models.book
		at public java.util.ArrayList lnu.models.Catalog.getBooks()
		at lnu.models.Catalog
There are two properties named "title"
	this problem is related to the following location:
		at public java.lang.String lnu.models.book.getTitle()
		at lnu.models.book
		at public java.util.ArrayList lnu.models.Catalog.getBooks()
		at lnu.models.Catalog
	this problem is related to the following location:
		at public java.lang.String lnu.models.book.title
		at lnu.models.book
		at public java.util.ArrayList lnu.models.Catalog.getBooks()
		at lnu.models.Catalog
Class has two properties of the same name "id"
	this problem is related to the following location:
		at public java.lang.String lnu.models.book.getId()
		at lnu.models.book
		at public java.util.ArrayList lnu.models.Catalog.getBooks()
		at lnu.models.Catalog
	this problem is related to the following location:
		at public java.lang.String lnu.models.book.id
		at lnu.models.book
		at public java.util.ArrayList lnu.models.Catalog.getBooks()
		at lnu.models.Catalog
Class has two properties of the same name "author"
	this problem is related to the following location:
		at public java.lang.String lnu.models.book.getAuthor()
		at lnu.models.book
		at public java.util.ArrayList lnu.models.Catalog.getBooks()
		at lnu.models.Catalog
	this problem is related to the following location:
		at public java.lang.String lnu.models.book.author
		at lnu.models.book
		at public java.util.ArrayList lnu.models.Catalog.getBooks()
		at lnu.models.Catalog
Class has two properties of the same name "title"
	this problem is related to the following location:
		at public java.lang.String lnu.models.book.getTitle()
		at lnu.models.book
		at public java.util.ArrayList lnu.models.Catalog.getBooks()
		at lnu.models.Catalog
	this problem is related to the following location:
		at public java.lang.String lnu.models.book.title
		at lnu.models.book
		at public java.util.ArrayList lnu.models.Catalog.getBooks()
		at lnu.models.Catalog
Class has two properties of the same name "genre"
	this problem is related to the following location:
		at public java.lang.String lnu.models.book.getGenre()
		at lnu.models.book
		at public java.util.ArrayList lnu.models.Catalog.getBooks()
		at lnu.models.Catalog
	this problem is related to the following location:
		at public java.lang.String lnu.models.book.genre
		at lnu.models.book
		at public java.util.ArrayList lnu.models.Catalog.getBooks()
		at lnu.models.Catalog
Class has two properties of the same name "price"
	this problem is related to the following location:
		at public java.lang.String lnu.models.book.getPrice()
		at lnu.models.book
		at public java.util.ArrayList lnu.models.Catalog.getBooks()
		at lnu.models.Catalog
	this problem is related to the following location:
		at public java.lang.String lnu.models.book.price
		at lnu.models.book
		at public java.util.ArrayList lnu.models.Catalog.getBooks()
		at lnu.models.Catalog
Class has two properties of the same name "publishDate"
	this problem is related to the following location:
		at public java.lang.String lnu.models.book.getPublishDate()
		at lnu.models.book
		at public java.util.ArrayList lnu.models.Catalog.getBooks()
		at lnu.models.Catalog
	this problem is related to the following location:
		at public java.lang.String lnu.models.book.publishDate
		at lnu.models.book
		at public java.util.ArrayList lnu.models.Catalog.getBooks()
		at lnu.models.Catalog
Class has two properties of the same name "description"
	this problem is related to the following location:
		at public java.lang.String lnu.models.book.getDescription()
		at lnu.models.book
		at public java.util.ArrayList lnu.models.Catalog.getBooks()
		at lnu.models.Catalog
	this problem is related to the following location:
		at public java.lang.String lnu.models.book.description
		at lnu.models.book
		at public java.util.ArrayList lnu.models.Catalog.getBooks()
		at lnu.models.Catalog

	at com.sun.xml.internal.bind.v2.runtime.IllegalAnnotationsException$Builder.check(IllegalAnnotationsException.java:91)
	at com.sun.xml.internal.bind.v2.runtime.JAXBContextImpl.getTypeInfoSet(JAXBContextImpl.java:445)
	at com.sun.xml.internal.bind.v2.runtime.JAXBContextImpl.<init>(JAXBContextImpl.java:277)
	at com.sun.xml.internal.bind.v2.runtime.JAXBContextImpl.<init>(JAXBContextImpl.java:124)
	at com.sun.xml.internal.bind.v2.runtime.JAXBContextImpl$JAXBContextBuilder.build(JAXBContextImpl.java:1123)
	at com.sun.xml.internal.bind.v2.ContextFactory.createContext(ContextFactory.java:147)
	at sun.reflect.NativeMethodAccessorImpl.invoke0(Native Method)
	at sun.reflect.NativeMethodAccessorImpl.invoke(NativeMethodAccessorImpl.java:62)
	at sun.reflect.DelegatingMethodAccessorImpl.invoke(DelegatingMethodAccessorImpl.java:43)
	at java.lang.reflect.Method.invoke(Method.java:498)
	at javax.xml.bind.ContextFinder.newInstance(ContextFinder.java:247)
	at javax.xml.bind.ContextFinder.newInstance(ContextFinder.java:234)
	at javax.xml.bind.ContextFinder.find(ContextFinder.java:462)
	at javax.xml.bind.JAXBContext.newInstance(JAXBContext.java:641)
	at javax.xml.bind.JAXBContext.newInstance(JAXBContext.java:584)
	at lnu.dao.booksDAO.BooksToFile(booksDAO.java:36)
	at API_Tests.reset(API_Tests.java:118)
	at sun.reflect.NativeMethodAccessorImpl.invoke0(Native Method)
	at sun.reflect.NativeMethodAccessorImpl.invoke(NativeMethodAccessorImpl.java:62)
	at sun.reflect.DelegatingMethodAccessorImpl.invoke(DelegatingMethodAccessorImpl.java:43)
	at java.lang.reflect.Method.invoke(Method.java:498)
	at org.junit.runners.model.FrameworkMethod$1.runReflectiveCall(FrameworkMethod.java:50)
	at org.junit.internal.runners.model.ReflectiveCallable.run(ReflectiveCallable.java:12)
	at org.junit.runners.model.FrameworkMethod.invokeExplosively(FrameworkMethod.java:47)
	at org.junit.internal.runners.statements.RunAfters.evaluate(RunAfters.java:33)
	at org.junit.runners.ParentRunner.runLeaf(ParentRunner.java:325)
	at org.junit.runners.BlockJUnit4ClassRunner.runChild(BlockJUnit4ClassRunner.java:78)
	at org.junit.runners.BlockJUnit4ClassRunner.runChild(BlockJUnit4ClassRunner.java:57)
	at org.junit.runners.ParentRunner$3.run(ParentRunner.java:290)
	at org.junit.runners.ParentRunner$1.schedule(ParentRunner.java:71)
	at org.junit.runners.ParentRunner.runChildren(ParentRunner.java:288)
	at org.junit.runners.ParentRunner.access$000(ParentRunner.java:58)
	at org.junit.runners.ParentRunner$2.evaluate(ParentRunner.java:268)
	at io.dropwizard.testing.junit.ResourceTestRule$1.evaluate(ResourceTestRule.java:158)
	at org.junit.rules.RunRules.evaluate(RunRules.java:20)
	at org.junit.runners.ParentRunner.run(ParentRunner.java:363)
	at org.gradle.api.internal.tasks.testing.junit.JUnitTestClassExecuter.runTestClass(JUnitTestClassExecuter.java:114)
	at org.gradle.api.internal.tasks.testing.junit.JUnitTestClassExecuter.execute(JUnitTestClassExecuter.java:57)
	at org.gradle.api.internal.tasks.testing.junit.JUnitTestClassProcessor.processTestClass(JUnitTestClassProcessor.java:66)
	at org.gradle.api.internal.tasks.testing.SuiteTestClassProcessor.processTestClass(SuiteTestClassProcessor.java:51)
	at sun.reflect.NativeMethodAccessorImpl.invoke0(Native Method)
	at sun.reflect.NativeMethodAccessorImpl.invoke(NativeMethodAccessorImpl.java:62)
	at sun.reflect.DelegatingMethodAccessorImpl.invoke(DelegatingMethodAccessorImpl.java:43)
	at java.lang.reflect.Method.invoke(Method.java:498)
	at org.gradle.internal.dispatch.ReflectionDispatch.dispatch(ReflectionDispatch.java:35)
	at org.gradle.internal.dispatch.ReflectionDispatch.dispatch(ReflectionDispatch.java:24)
	at org.gradle.internal.dispatch.ContextClassLoaderDispatch.dispatch(ContextClassLoaderDispatch.java:32)
	at org.gradle.internal.dispatch.ProxyDispatchAdapter$DispatchingInvocationHandler.invoke(ProxyDispatchAdapter.java:93)
	at com.sun.proxy.$Proxy3.processTestClass(Unknown Source)
	at org.gradle.api.internal.tasks.testing.worker.TestWorker.processTestClass(TestWorker.java:109)
	at sun.reflect.NativeMethodAccessorImpl.invoke0(Native Method)
	at sun.reflect.NativeMethodAccessorImpl.invoke(NativeMethodAccessorImpl.java:62)
	at sun.reflect.DelegatingMethodAccessorImpl.invoke(DelegatingMethodAccessorImpl.java:43)
	at java.lang.reflect.Method.invoke(Method.java:498)
	at org.gradle.internal.dispatch.ReflectionDispatch.dispatch(ReflectionDispatch.java:35)
	at org.gradle.internal.dispatch.ReflectionDispatch.dispatch(ReflectionDispatch.java:24)
	at org.gradle.internal.remote.internal.hub.MessageHub$Handler.run(MessageHub.java:377)
	at org.gradle.internal.concurrent.ExecutorPolicy$CatchAndRecordFailures.onExecute(ExecutorPolicy.java:54)
	at org.gradle.internal.concurrent.StoppableExecutorImpl$1.run(StoppableExecutorImpl.java:40)
	at java.util.concurrent.ThreadPoolExecutor.runWorker(ThreadPoolExecutor.java:1142)
	at java.util.concurrent.ThreadPoolExecutor$Worker.run(ThreadPoolExecutor.java:617)
	at java.lang.Thread.run(Thread.java:745)
com.sun.xml.internal.bind.v2.runtime.IllegalAnnotationsException: 14 counts of IllegalAnnotationExceptions
There are two properties named "author"
	this problem is related to the following location:
		at public java.lang.String lnu.models.book.getAuthor()
		at lnu.models.book
		at public java.util.ArrayList lnu.models.Catalog.getBooks()
		at lnu.models.Catalog
	this problem is related to the following location:
		at public java.lang.String lnu.models.book.author
		at lnu.models.book
		at public java.util.ArrayList lnu.models.Catalog.getBooks()
		at lnu.models.Catalog
There are two properties named "description"
	this problem is related to the following location:
		at public java.lang.String lnu.models.book.getDescription()
		at lnu.models.book
		at public java.util.ArrayList lnu.models.Catalog.getBooks()
		at lnu.models.Catalog
	this problem is related to the following location:
		at public java.lang.String lnu.models.book.description
		at lnu.models.book
		at public java.util.ArrayList lnu.models.Catalog.getBooks()
		at lnu.models.Catalog
There are two properties named "genre"
	this problem is related to the following location:
		at public java.lang.String lnu.models.book.getGenre()
		at lnu.models.book
		at public java.util.ArrayList lnu.models.Catalog.getBooks()
		at lnu.models.Catalog
	this problem is related to the following location:
		at public java.lang.String lnu.models.book.genre
		at lnu.models.book
		at public java.util.ArrayList lnu.models.Catalog.getBooks()
		at lnu.models.Catalog
There are two properties named "id"
	this problem is related to the following location:
		at public java.lang.String lnu.models.book.getId()
		at lnu.models.book
		at public java.util.ArrayList lnu.models.Catalog.getBooks()
		at lnu.models.Catalog
	this problem is related to the following location:
		at public java.lang.String lnu.models.book.id
		at lnu.models.book
		at public java.util.ArrayList lnu.models.Catalog.getBooks()
		at lnu.models.Catalog
There are two properties named "price"
	this problem is related to the following location:
		at public java.lang.String lnu.models.book.getPrice()
		at lnu.models.book
		at public java.util.ArrayList lnu.models.Catalog.getBooks()
		at lnu.models.Catalog
	this problem is related to the following location:
		at public java.lang.String lnu.models.book.price
		at lnu.models.book
		at public java.util.ArrayList lnu.models.Catalog.getBooks()
		at lnu.models.Catalog
There are two properties named "publishDate"
	this problem is related to the following location:
		at public java.lang.String lnu.models.book.getPublishDate()
		at lnu.models.book
		at public java.util.ArrayList lnu.models.Catalog.getBooks()
		at lnu.models.Catalog
	this problem is related to the following location:
		at public java.lang.String lnu.models.book.publishDate
		at lnu.models.book
		at public java.util.ArrayList lnu.models.Catalog.getBooks()
		at lnu.models.Catalog
There are two properties named "title"
	this problem is related to the following location:
		at public java.lang.String lnu.models.book.getTitle()
		at lnu.models.book
		at public java.util.ArrayList lnu.models.Catalog.getBooks()
		at lnu.models.Catalog
	this problem is related to the following location:
		at public java.lang.String lnu.models.book.title
		at lnu.models.book
		at public java.util.ArrayList lnu.models.Catalog.getBooks()
		at lnu.models.Catalog
Class has two properties of the same name "id"
	this problem is related to the following location:
		at public java.lang.String lnu.models.book.getId()
		at lnu.models.book
		at public java.util.ArrayList lnu.models.Catalog.getBooks()
		at lnu.models.Catalog
	this problem is related to the following location:
		at public java.lang.String lnu.models.book.id
		at lnu.models.book
		at public java.util.ArrayList lnu.models.Catalog.getBooks()
		at lnu.models.Catalog
Class has two properties of the same name "author"
	this problem is related to the following location:
		at public java.lang.String lnu.models.book.getAuthor()
		at lnu.models.book
		at public java.util.ArrayList lnu.models.Catalog.getBooks()
		at lnu.models.Catalog
	this problem is related to the following location:
		at public java.lang.String lnu.models.book.author
		at lnu.models.book
		at public java.util.ArrayList lnu.models.Catalog.getBooks()
		at lnu.models.Catalog
Class has two properties of the same name "title"
	this problem is related to the following location:
		at public java.lang.String lnu.models.book.getTitle()
		at lnu.models.book
		at public java.util.ArrayList lnu.models.Catalog.getBooks()
		at lnu.models.Catalog
	this problem is related to the following location:
		at public java.lang.String lnu.models.book.title
		at lnu.models.book
		at public java.util.ArrayList lnu.models.Catalog.getBooks()
		at lnu.models.Catalog
Class has two properties of the same name "genre"
	this problem is related to the following location:
		at public java.lang.String lnu.models.book.getGenre()
		at lnu.models.book
		at public java.util.ArrayList lnu.models.Catalog.getBooks()
		at lnu.models.Catalog
	this problem is related to the following location:
		at public java.lang.String lnu.models.book.genre
		at lnu.models.book
		at public java.util.ArrayList lnu.models.Catalog.getBooks()
		at lnu.models.Catalog
Class has two properties of the same name "price"
	this problem is related to the following location:
		at public java.lang.String lnu.models.book.getPrice()
		at lnu.models.book
		at public java.util.ArrayList lnu.models.Catalog.getBooks()
		at lnu.models.Catalog
	this problem is related to the following location:
		at public java.lang.String lnu.models.book.price
		at lnu.models.book
		at public java.util.ArrayList lnu.models.Catalog.getBooks()
		at lnu.models.Catalog
Class has two properties of the same name "publishDate"
	this problem is related to the following location:
		at public java.lang.String lnu.models.book.getPublishDate()
		at lnu.models.book
		at public java.util.ArrayList lnu.models.Catalog.getBooks()
		at lnu.models.Catalog
	this problem is related to the following location:
		at public java.lang.String lnu.models.book.publishDate
		at lnu.models.book
		at public java.util.ArrayList lnu.models.Catalog.getBooks()
		at lnu.models.Catalog
Class has two properties of the same name "description"
	this problem is related to the following location:
		at public java.lang.String lnu.models.book.getDescription()
		at lnu.models.book
		at public java.util.ArrayList lnu.models.Catalog.getBooks()
		at lnu.models.Catalog
	this problem is related to the following location:
		at public java.lang.String lnu.models.book.description
		at lnu.models.book
		at public java.util.ArrayList lnu.models.Catalog.getBooks()
		at lnu.models.Catalog

	at com.sun.xml.internal.bind.v2.runtime.IllegalAnnotationsException$Builder.check(IllegalAnnotationsException.java:91)
	at com.sun.xml.internal.bind.v2.runtime.JAXBContextImpl.getTypeInfoSet(JAXBContextImpl.java:445)
	at com.sun.xml.internal.bind.v2.runtime.JAXBContextImpl.<init>(JAXBContextImpl.java:277)
	at com.sun.xml.internal.bind.v2.runtime.JAXBContextImpl.<init>(JAXBContextImpl.java:124)
	at com.sun.xml.internal.bind.v2.runtime.JAXBContextImpl$JAXBContextBuilder.build(JAXBContextImpl.java:1123)
	at com.sun.xml.internal.bind.v2.ContextFactory.createContext(ContextFactory.java:147)
	at sun.reflect.NativeMethodAccessorImpl.invoke0(Native Method)
	at sun.reflect.NativeMethodAccessorImpl.invoke(NativeMethodAccessorImpl.java:62)
	at sun.reflect.DelegatingMethodAccessorImpl.invoke(DelegatingMethodAccessorImpl.java:43)
	at java.lang.reflect.Method.invoke(Method.java:498)
	at javax.xml.bind.ContextFinder.newInstance(ContextFinder.java:247)
	at javax.xml.bind.ContextFinder.newInstance(ContextFinder.java:234)
	at javax.xml.bind.ContextFinder.find(ContextFinder.java:462)
	at javax.xml.bind.JAXBContext.newInstance(JAXBContext.java:641)
	at javax.xml.bind.JAXBContext.newInstance(JAXBContext.java:584)
	at lnu.dao.booksDAO.BooksFromFile(booksDAO.java:22)
	at API_Tests.setUp(API_Tests.java:36)
	at sun.reflect.NativeMethodAccessorImpl.invoke0(Native Method)
	at sun.reflect.NativeMethodAccessorImpl.invoke(NativeMethodAccessorImpl.java:62)
[...]
	this problem is related to the following location:
		at public java.lang.String lnu.models.book.getId()
		at lnu.models.book
		at public java.util.ArrayList lnu.models.Catalog.getBooks()
		at lnu.models.Catalog
	this problem is related to the following location:
		at public java.lang.String lnu.models.book.id
		at lnu.models.book
		at public java.util.ArrayList lnu.models.Catalog.getBooks()
		at lnu.models.Catalog
Class has two properties of the same name "author"
	this problem is related to the following location:
		at public java.lang.String lnu.models.book.getAuthor()
		at lnu.models.book
		at public java.util.ArrayList lnu.models.Catalog.getBooks()
		at lnu.models.Catalog
	this problem is related to the following location:
		at public java.lang.String lnu.models.book.author
		at lnu.models.book
		at public java.util.ArrayList lnu.models.Catalog.getBooks()
		at lnu.models.Catalog
Class has two properties of the same name "title"
	this problem is related to the following location:
		at public java.lang.String lnu.models.book.getTitle()
		at lnu.models.book
		at public java.util.ArrayList lnu.models.Catalog.getBooks()
		at lnu.models.Catalog
	this problem is related to the following location:
		at public java.lang.String lnu.models.book.title
		at lnu.models.book
		at public java.util.ArrayList lnu.models.Catalog.getBooks()
		at lnu.models.Catalog
Class has two properties of the same name "genre"
	this problem is related to the following location:
		at public java.lang.String lnu.models.book.getGenre()
		at lnu.models.book
		at public java.util.ArrayList lnu.models.Catalog.getBooks()
		at lnu.models.Catalog
	this problem is related to the following location:
		at public java.lang.String lnu.models.book.genre
		at lnu.models.book
		at public java.util.ArrayList lnu.models.Catalog.getBooks()
		at lnu.models.Catalog
Class has two properties of the same name "price"
	this problem is related to the following location:
		at public java.lang.String lnu.models.book.getPrice()
		at lnu.models.book
		at public java.util.ArrayList lnu.models.Catalog.getBooks()
		at lnu.models.Catalog
	this problem is related to the following location:
		at public java.lang.String lnu.models.book.price
		at lnu.models.book
		at public java.util.ArrayList lnu.models.Catalog.getBooks()
		at lnu.models.Catalog
Class has two properties of the same name "publishDate"
	this problem is related to the following location:
		at public java.lang.String lnu.models.book.getPublishDate()
		at lnu.models.book
		at public java.util.ArrayList lnu.models.Catalog.getBooks()
		at lnu.models.Catalog
	this problem is related to the following location:
		at public java.lang.String lnu.models.book.publishDate
		at lnu.models.book
		at public java.util.ArrayList lnu.models.Catalog.getBooks()
		at lnu.models.Catalog
Class has two properties of the same name "description"
	this problem is related to the following location:
		at public java.lang.String lnu.models.book.getDescription()
		at lnu.models.book
		at public java.util.ArrayList lnu.models.Catalog.getBooks()
		at lnu.models.Catalog
	this problem is related to the following location:
		at public java.lang.String lnu.models.book.description
		at lnu.models.book
		at public java.util.ArrayList lnu.models.Catalog.getBooks()
		at lnu.models.Catalog

	at com.sun.xml.internal.bind.v2.runtime.IllegalAnnotationsException$Builder.check(IllegalAnnotationsException.java:91)
	at com.sun.xml.internal.bind.v2.runtime.JAXBContextImpl.getTypeInfoSet(JAXBContextImpl.java:445)
	at com.sun.xml.internal.bind.v2.runtime.JAXBContextImpl.<init>(JAXBContextImpl.java:277)
	at com.sun.xml.internal.bind.v2.runtime.JAXBContextImpl.<init>(JAXBContextImpl.java:124)
	at com.sun.xml.internal.bind.v2.runtime.JAXBContextImpl$JAXBContextBuilder.build(JAXBContextImpl.java:1123)
	at com.sun.xml.internal.bind.v2.ContextFactory.createContext(ContextFactory.java:147)
	at sun.reflect.GeneratedMethodAccessor3.invoke(Unknown Source)
	at sun.reflect.DelegatingMethodAccessorImpl.invoke(DelegatingMethodAccessorImpl.java:43)
	at java.lang.reflect.Method.invoke(Method.java:498)
	at javax.xml.bind.ContextFinder.newInstance(ContextFinder.java:247)
	at javax.xml.bind.ContextFinder.newInstance(ContextFinder.java:234)
	at javax.xml.bind.ContextFinder.find(ContextFinder.java:462)
	at javax.xml.bind.JAXBContext.newInstance(JAXBContext.java:641)
	at javax.xml.bind.JAXBContext.newInstance(JAXBContext.java:584)
	at lnu.dao.booksDAO.BooksFromFile(booksDAO.java:22)
	at API_Tests.setUp(API_Tests.java:37)
	at sun.reflect.NativeMethodAccessorImpl.invoke0(Native Method)
	at sun.reflect.NativeMethodAccessorImpl.invoke(NativeMethodAccessorImpl.java:62)
	at sun.reflect.DelegatingMethodAccessorImpl.invoke(DelegatingMethodAccessorImpl.java:43)
	at java.lang.reflect.Method.invoke(Method.java:498)
	at org.junit.runners.model.FrameworkMethod$1.runReflectiveCall(FrameworkMethod.java:50)
	at org.junit.internal.runners.model.ReflectiveCallable.run(ReflectiveCallable.java:12)
	at org.junit.runners.model.FrameworkMethod.invokeExplosively(FrameworkMethod.java:47)
	at org.junit.internal.runners.statements.RunBefores.evaluate(RunBefores.java:24)
	at org.junit.internal.runners.statements.RunAfters.evaluate(RunAfters.java:27)
	at org.junit.runners.ParentRunner.runLeaf(ParentRunner.java:325)
	at org.junit.runners.BlockJUnit4ClassRunner.runChild(BlockJUnit4ClassRunner.java:78)
	at org.junit.runners.BlockJUnit4ClassRunner.runChild(BlockJUnit4ClassRunner.java:57)
	at org.junit.runners.ParentRunner$3.run(ParentRunner.java:290)
	at org.junit.runners.ParentRunner$1.schedule(ParentRunner.java:71)
	at org.junit.runners.ParentRunner.runChildren(ParentRunner.java:288)
	at org.junit.runners.ParentRunner.access$000(ParentRunner.java:58)
	at org.junit.runners.ParentRunner$2.evaluate(ParentRunner.java:268)
	at io.dropwizard.testing.junit.ResourceTestRule$1.evaluate(ResourceTestRule.java:158)
	at org.junit.rules.RunRules.evaluate(RunRules.java:20)
	at org.junit.runners.ParentRunner.run(ParentRunner.java:363)
	at org.gradle.api.internal.tasks.testing.junit.JUnitTestClassExecuter.runTestClass(JUnitTestClassExecuter.java:114)
	at org.gradle.api.internal.tasks.testing.junit.JUnitTestClassExecuter.execute(JUnitTestClassExecuter.java:57)
	at org.gradle.api.internal.tasks.testing.junit.JUnitTestClassProcessor.processTestClass(JUnitTestClassProcessor.java:66)
	at org.gradle.api.internal.tasks.testing.SuiteTestClassProcessor.processTestClass(SuiteTestClassProcessor.java:51)
	at sun.reflect.NativeMethodAccessorImpl.invoke0(Native Method)
	at sun.reflect.NativeMethodAccessorImpl.invoke(NativeMethodAccessorImpl.java:62)
	at sun.reflect.DelegatingMethodAccessorImpl.invoke(DelegatingMethodAccessorImpl.java:43)
	at java.lang.reflect.Method.invoke(Method.java:498)
	at org.gradle.internal.dispatch.ReflectionDispatch.dispatch(ReflectionDispatch.java:35)
	at org.gradle.internal.dispatch.ReflectionDispatch.dispatch(ReflectionDispatch.java:24)
	at org.gradle.internal.dispatch.ContextClassLoaderDispatch.dispatch(ContextClassLoaderDispatch.java:32)
	at org.gradle.internal.dispatch.ProxyDispatchAdapter$DispatchingInvocationHandler.invoke(ProxyDispatchAdapter.java:93)
	at com.sun.proxy.$Proxy3.processTestClass(Unknown Source)
	at org.gradle.api.internal.tasks.testing.worker.TestWorker.processTestClass(TestWorker.java:109)
	at sun.reflect.NativeMethodAccessorImpl.invoke0(Native Method)
	at sun.reflect.NativeMethodAccessorImpl.invoke(NativeMethodAccessorImpl.java:62)
	at sun.reflect.DelegatingMethodAccessorImpl.invoke(DelegatingMethodAccessorImpl.java:43)
	at java.lang.reflect.Method.invoke(Method.java:498)
	at org.gradle.internal.dispatch.ReflectionDispatch.dispatch(ReflectionDispatch.java:35)
	at org.gradle.internal.dispatch.ReflectionDispatch.dispatch(ReflectionDispatch.java:24)
	at org.gradle.internal.remote.internal.hub.MessageHub$Handler.run(MessageHub.java:377)
	at org.gradle.internal.concurrent.ExecutorPolicy$CatchAndRecordFailures.onExecute(ExecutorPolicy.java:54)
	at org.gradle.internal.concurrent.StoppableExecutorImpl$1.run(StoppableExecutorImpl.java:40)
	at java.util.concurrent.ThreadPoolExecutor.runWorker(ThreadPoolExecutor.java:1142)
	at java.util.concurrent.ThreadPoolExecutor$Worker.run(ThreadPoolExecutor.java:617)
	at java.lang.Thread.run(Thread.java:745)
com.sun.xml.internal.bind.v2.runtime.IllegalAnnotationsException: 14 counts of IllegalAnnotationExceptions
There are two properties named "author"
	this problem is related to the following location:
		at public java.lang.String lnu.models.book.getAuthor()
		at lnu.models.book
		at public java.util.ArrayList lnu.models.Catalog.getBooks()
		at lnu.models.Catalog
	this problem is related to the following location:
		at public java.lang.String lnu.models.book.author
		at lnu.models.book
		at public java.util.ArrayList lnu.models.Catalog.getBooks()
		at lnu.models.Catalog
There are two properties named "description"
	this problem is related to the following location:
		at public java.lang.String lnu.models.book.getDescription()
		at lnu.models.book
		at public java.util.ArrayList lnu.models.Catalog.getBooks()
		at lnu.models.Catalog
	this problem is related to the following location:
		at public java.lang.String lnu.models.book.description
		at lnu.models.book
		at public java.util.ArrayList lnu.models.Catalog.getBooks()
		at lnu.models.Catalog
There are two properties named "genre"
	this problem is related to the following location:
		at public java.lang.String lnu.models.book.getGenre()
		at lnu.models.book
		at public java.util.ArrayList lnu.models.Catalog.getBooks()
		at lnu.models.Catalog
	this problem is related to the following location:
		at public java.lang.String lnu.models.book.genre
		at lnu.models.book
		at public java.util.ArrayList lnu.models.Catalog.getBooks()
		at lnu.models.Catalog
There are two properties named "id"
	this problem is related to the following location:
		at public java.lang.String lnu.models.book.getId()
		at lnu.models.book
		at public java.util.ArrayList lnu.models.Catalog.getBooks()
		at lnu.models.Catalog
	this problem is related to the following location:
		at public java.lang.String lnu.models.book.id
		at lnu.models.book
		at public java.util.ArrayList lnu.models.Catalog.getBooks()
		at lnu.models.Catalog
There are two properties named "price"
	this problem is related to the following location:
		at public java.lang.String lnu.models.book.getPrice()
		at lnu.models.book
		at public java.util.ArrayList lnu.models.Catalog.getBooks()
		at lnu.models.Catalog
	this problem is related to the following location:
		at public java.lang.String lnu.models.book.price
		at lnu.models.book
		at public java.util.ArrayList lnu.models.Catalog.getBooks()
		at lnu.models.Catalog
There are two properties named "publishDate"
	this problem is related to the following location:
		at public java.lang.String lnu.models.book.getPublishDate()
		at lnu.models.book
		at public java.util.ArrayList lnu.models.Catalog.getBooks()
		at lnu.models.Catalog
	this problem is related to the following location:
		at public java.lang.String lnu.models.book.publishDate
		at lnu.models.book
		at public java.util.ArrayList lnu.models.Catalog.getBooks()
		at lnu.models.Catalog
There are two properties named "title"
	this problem is related to the following location:
		at public java.lang.String lnu.models.book.getTitle()
		at lnu.models.book
		at public java.util.ArrayList lnu.models.Catalog.getBooks()
		at lnu.models.Catalog
	this problem is related to the following location:
		at public java.lang.String lnu.models.book.title
		at lnu.models.book
		at public java.util.ArrayList lnu.models.Catalog.getBooks()
		at lnu.models.Catalog
Class has two properties of the same name "id"
	this problem is related to the following location:
		at public java.lang.String lnu.models.book.getId()
		at lnu.models.book
		at public java.util.ArrayList lnu.models.Catalog.getBooks()
		at lnu.models.Catalog
	this problem is related to the following location:
		at public java.lang.String lnu.models.book.id
		at lnu.models.book
		at public java.util.ArrayList lnu.models.Catalog.getBooks()
		at lnu.models.Catalog
Class has two properties of the same name "author"
	this problem is related to the following location:
		at public java.lang.String lnu.models.book.getAuthor()
		at lnu.models.book
		at public java.util.ArrayList lnu.models.Catalog.getBooks()
		at lnu.models.Catalog
	this problem is related to the following location:
		at public java.lang.String lnu.models.book.author
		at lnu.models.book
		at public java.util.ArrayList lnu.models.Catalog.getBooks()
		at lnu.models.Catalog
Class has two properties of the same name "title"
	this problem is related to the following location:
		at public java.lang.String lnu.models.book.getTitle()
		at lnu.models.book
		at public java.util.ArrayList lnu.models.Catalog.getBooks()
		at lnu.models.Catalog
	this problem is related to the following location:
		at public java.lang.String lnu.models.book.title
		at lnu.models.book
		at public java.util.ArrayList lnu.models.Catalog.getBooks()
		at lnu.models.Catalog
Class has two properties of the same name "genre"
	this problem is related to the following location:
		at public java.lang.String lnu.models.book.getGenre()
		at lnu.models.book
		at public java.util.ArrayList lnu.models.Catalog.getBooks()
		at lnu.models.Catalog
	this problem is related to the following location:
		at public java.lang.String lnu.models.book.genre
		at lnu.models.book
		at public java.util.ArrayList lnu.models.Catalog.getBooks()
		at lnu.models.Catalog
Class has two properties of the same name "price"
	this problem is related to the following location:
		at public java.lang.String lnu.models.book.getPrice()
		at lnu.models.book
		at public java.util.ArrayList lnu.models.Catalog.getBooks()
		at lnu.models.Catalog
	this problem is related to the following location:
		at public java.lang.String lnu.models.book.price
		at lnu.models.book
		at public java.util.ArrayList lnu.models.Catalog.getBooks()
		at lnu.models.Catalog
Class has two properties of the same name "publishDate"
	this problem is related to the following location:
		at public java.lang.String lnu.models.book.getPublishDate()
		at lnu.models.book
		at public java.util.ArrayList lnu.models.Catalog.getBooks()
		at lnu.models.Catalog
	this problem is related to the following location:
		at public java.lang.String lnu.models.book.publishDate
		at lnu.models.book
		at public java.util.ArrayList lnu.models.Catalog.getBooks()
		at lnu.models.Catalog
Class has two properties of the same name "description"
	this problem is related to the following location:
		at public java.lang.String lnu.models.book.getDescription()
		at lnu.models.book
		at public java.util.ArrayList lnu.models.Catalog.getBooks()
		at lnu.models.Catalog
	this problem is related to the following location:
		at public java.lang.String lnu.models.book.description
		at lnu.models.book
		at public java.util.ArrayList lnu.models.Catalog.getBooks()
		at lnu.models.Catalog

	at com.sun.xml.internal.bind.v2.runtime.IllegalAnnotationsException$Builder.check(IllegalAnnotationsException.java:91)
	at com.sun.xml.internal.bind.v2.runtime.JAXBContextImpl.getTypeInfoSet(JAXBContextImpl.java:445)
	at com.sun.xml.internal.bind.v2.runtime.JAXBContextImpl.<init>(JAXBContextImpl.java:277)
	at com.sun.xml.internal.bind.v2.runtime.JAXBContextImpl.<init>(JAXBContextImpl.java:124)
	at com.sun.xml.internal.bind.v2.runtime.JAXBContextImpl$JAXBContextBuilder.build(JAXBContextImpl.java:1123)
	at com.sun.xml.internal.bind.v2.ContextFactory.createContext(ContextFactory.java:147)
	at sun.reflect.GeneratedMethodAccessor3.invoke(Unknown Source)
	at sun.reflect.DelegatingMethodAccessorImpl.invoke(DelegatingMethodAccessorImpl.java:43)
	at java.lang.reflect.Method.invoke(Method.java:498)
	at javax.xml.bind.ContextFinder.newInstance(ContextFinder.java:247)
	at javax.xml.bind.ContextFinder.newInstance(ContextFinder.java:234)
	at javax.xml.bind.ContextFinder.find(ContextFinder.java:462)
	at javax.xml.bind.JAXBContext.newInstance(JAXBContext.java:641)
	at javax.xml.bind.JAXBContext.newInstance(JAXBContext.java:584)
	at lnu.dao.booksDAO.BooksToFile(booksDAO.java:36)
	at API_Tests.reset(API_Tests.java:118)
	at sun.reflect.NativeMethodAccessorImpl.invoke0(Native Method)
	at sun.reflect.NativeMethodAccessorImpl.invoke(NativeMethodAccessorImpl.java:62)
	at sun.reflect.DelegatingMethodAccessorImpl.invoke(DelegatingMethodAccessorImpl.java:43)
	at java.lang.reflect.Method.invoke(Method.java:498)
	at org.junit.runners.model.FrameworkMethod$1.runReflectiveCall(FrameworkMethod.java:50)
	at org.junit.internal.runners.model.ReflectiveCallable.run(ReflectiveCallable.java:12)
	at org.junit.runners.model.FrameworkMethod.invokeExplosively(FrameworkMethod.java:47)
	at org.junit.internal.runners.statements.RunAfters.evaluate(RunAfters.java:33)
	at org.junit.runners.ParentRunner.runLeaf(ParentRunner.java:325)
	at org.junit.runners.BlockJUnit4ClassRunner.runChild(BlockJUnit4ClassRunner.java:78)
	at org.junit.runners.BlockJUnit4ClassRunner.runChild(BlockJUnit4ClassRunner.java:57)
	at org.junit.runners.ParentRunner$3.run(ParentRunner.java:290)
	at org.junit.runners.ParentRunner$1.schedule(ParentRunner.java:71)
	at org.junit.runners.ParentRunner.runChildren(ParentRunner.java:288)
	at org.junit.runners.ParentRunner.access$000(ParentRunner.java:58)
	at org.junit.runners.ParentRunner$2.evaluate(ParentRunner.java:268)
	at io.dropwizard.testing.junit.ResourceTestRule$1.evaluate(ResourceTestRule.java:158)
	at org.junit.rules.RunRules.evaluate(RunRules.java:20)
	at org.junit.runners.ParentRunner.run(ParentRunner.java:363)
	at org.gradle.api.internal.tasks.testing.junit.JUnitTestClassExecuter.runTestClass(JUnitTestClassExecuter.java:114)
	at org.gradle.api.internal.tasks.testing.junit.JUnitTestClassExecuter.execute(JUnitTestClassExecuter.java:57)
	at org.gradle.api.internal.tasks.testing.junit.JUnitTestClassProcessor.processTestClass(JUnitTestClassProcessor.java:66)
	at org.gradle.api.internal.tasks.testing.SuiteTestClassProcessor.processTestClass(SuiteTestClassProcessor.java:51)
	at sun.reflect.NativeMethodAccessorImpl.invoke0(Native Method)
	at sun.reflect.NativeMethodAccessorImpl.invoke(NativeMethodAccessorImpl.java:62)
	at sun.reflect.DelegatingMethodAccessorImpl.invoke(DelegatingMethodAccessorImpl.java:43)
	at java.lang.reflect.Method.invoke(Method.java:498)
	at org.gradle.internal.dispatch.ReflectionDispatch.dispatch(ReflectionDispatch.java:35)
	at org.gradle.internal.dispatch.ReflectionDispatch.dispatch(ReflectionDispatch.java:24)
	at org.gradle.internal.dispatch.ContextClassLoaderDispatch.dispatch(ContextClassLoaderDispatch.java:32)
	at org.gradle.internal.dispatch.ProxyDispatchAdapter$DispatchingInvocationHandler.invoke(ProxyDispatchAdapter.java:93)
	at com.sun.proxy.$Proxy3.processTestClass(Unknown Source)
	at org.gradle.api.internal.tasks.testing.worker.TestWorker.processTestClass(TestWorker.java:109)
	at sun.reflect.NativeMethodAccessorImpl.invoke0(Native Method)
	at sun.reflect.NativeMethodAccessorImpl.invoke(NativeMethodAccessorImpl.java:62)
	at sun.reflect.DelegatingMethodAccessorImpl.invoke(DelegatingMethodAccessorImpl.java:43)
	at java.lang.reflect.Method.invoke(Method.java:498)
	at org.gradle.internal.dispatch.ReflectionDispatch.dispatch(ReflectionDispatch.java:35)
	at org.gradle.internal.dispatch.ReflectionDispatch.dispatch(ReflectionDispatch.java:24)
	at org.gradle.internal.remote.internal.hub.MessageHub$Handler.run(MessageHub.java:377)
	at org.gradle.internal.concurrent.ExecutorPolicy$CatchAndRecordFailures.onExecute(ExecutorPolicy.java:54)
	at org.gradle.internal.concurrent.StoppableExecutorImpl$1.run(StoppableExecutorImpl.java:40)
	at java.util.concurrent.ThreadPoolExecutor.runWorker(ThreadPoolExecutor.java:1142)
	at java.util.concurrent.ThreadPoolExecutor$Worker.run(ThreadPoolExecutor.java:617)
	at java.lang.Thread.run(Thread.java:745)
]]></system-err>
</testsuite>
